0:100  0:100  MemLog inited, TSC freq: 2113459960
0:100  0:000  CPU was calibrated with RTC
0:100  0:000  
0:100  0:000  Now is 10.04.2020,  18:27:43 (GMT)
0:100  0:000  Starting Clover revision: 5108 (master, commit f7254f53e) on INSYDE Corp. EFI
0:100  0:000  Build with: [Args: -D NO_GRUB_DRIVERS_EMBEDDED -t GCC53 | -D NO_GRUB_DRIVERS_EMBEDDED --conf=/Users/sergey/src/CloverHackyColor/Conf -D USE_LOW_EBDA -a X64 -b RELEASE -t GCC53 -n 5 | OS: 10.14.6]
0:100  0:000  SelfDevicePath=PciRoot(0x0)\Pci(0x1D,0x0)\Pci(0x0,0x0)\NVMe(0x1,48-41-95-F8-FF-A7-79-64)\HD(1,GPT,B44F5A61-15FD-423C-8BC2-7463166828DE,0x28,0x64000) @7BF81F98
0:100  0:000  SelfDirPath = \EFI\BOOT
0:101  0:000  Clover : Image base = 0x7FA0D000
0:101  0:000  SimpleTextEx Status=Success
0:101  0:000  === [ Get Smbios ] ==============================
0:101  0:000  Type 16 Index = 0
0:101  0:000  Total Memory Slots Count = 2
0:101  0:000  Type 17 Index = 0
0:101  0:000  SmbiosTable.Type17->Speed = 2667MHz
0:101  0:000  SmbiosTable.Type17->Size = 4096MB
0:101  0:000  SmbiosTable.Type17->Bank/Device = BANK 0 ChannelA-DIMM0
0:101  0:000  SmbiosTable.Type17->Vendor = Samsung
0:101  0:000  SmbiosTable.Type17->SerialNumber = 00000000
0:101  0:000  SmbiosTable.Type17->PartNumber = M471A5244CB0-CTD    
0:101  0:000  Type 17 Index = 1
0:101  0:000  SmbiosTable.Type17->Speed = 2667MHz
0:101  0:000  SmbiosTable.Type17->Size = 4096MB
0:101  0:000  SmbiosTable.Type17->Bank/Device = BANK 2 ChannelB-DIMM0
0:101  0:000  SmbiosTable.Type17->Vendor = Ramaxel
0:101  0:000  SmbiosTable.Type17->SerialNumber = 122D649C
0:101  0:000  SmbiosTable.Type17->PartNumber = RMSA3270ME86H9F-2666
0:101  0:000  Boot status=0
0:101  0:000  Running on: '81NF' with board 'LNVNB161216'
0:101  0:000  === [ GetCPUProperties ] ========================
0:101  0:000  CPU Vendor = 756E6547 Model=806EC
0:101  0:000   The CPU supported SSE4.1
0:101  0:000  BrandString = Intel(R) Core(TM) i5-10210U CPU @ 1.60GHz
0:101  0:000   The CPU supported turbo
0:101  0:000  MSR 0x35               40008
0:101  0:000   TSC/CCC Information Leaf:
0:101  0:000    numerator     : 176
0:101  0:000    denominator   : 2
0:101  0:000   Calibrated ARTFrequency: 24016590
0:101  0:000   Rounded ARTFrequency: 24000000
0:101  0:000  MSR 0xE2 before patch 1E000008
0:101  0:000  MSR 0xCE              0004043D_4043DF1011500
0:101  0:000  corrected FLEX_RATIO = 0
0:101  0:000  MSR 0x1B0             00000000
0:101  0:000  FSBFrequency = 19 MHz, DMI FSBFrequency = 100 MHz, Corrected FSBFrequency = 100 MHz
0:101  0:000  MaxDiv/MinDiv: 21.0/4
0:101  0:000  Turbo: 39/39/41/42
0:101  0:000  Features: 0x77FAFBBFBFEBFBFF
0:101  0:000  Threads: 8
0:101  0:000  Cores: 4
0:101  0:000  FSB: 100 MHz
0:101  0:000  CPU: 396 MHz
0:101  0:000  TSC: 396 MHz
0:101  0:000  PIS: 100 MHz
0:101  0:000  ExternalClock: 25 MHz
0:101  0:000  === [ GetDevices ] ==============================
0:101  0:000  GOP found at: 
0:101  0:000  PCI (00|00:00.00) : 8086 9B61 class=060000
0:101  0:000  PCI (00|00:02.00) : 8086 9B41 class=030000
0:101  0:000   - GFX: Model=Intel UHD Graphics 620 (Intel)
0:101  0:000  PCI (00|00:04.00) : 8086 1903 class=118000
0:101  0:000  PCI (00|00:08.00) : 8086 1911 class=088000
0:101  0:000  PCI (00|00:12.00) : 8086 02F9 class=118000
0:101  0:000  PCI (00|00:14.00) : 8086 02ED class=0C0330
0:101  0:000  PCI (00|00:14.02) : 8086 02EF class=050000
0:101  0:000  PCI (00|00:15.00) : 8086 02E8 class=0C8000
0:101  0:000  PCI (00|00:15.01) : 8086 02E9 class=0C8000
0:101  0:000  PCI (00|00:15.02) : 8086 02EA class=0C8000
0:101  0:000  PCI (00|00:16.00) : 8086 02E0 class=078000
0:101  0:000  PCI (00|00:1D.00) : 8086 02B0 class=060400
0:101  0:000  PCI (00|01:00.00) : 1CC4 5012 class=010802
0:101  0:000  PCI (00|00:1D.06) : 8086 02B6 class=060400
0:101  0:000  PCI (00|02:00.00) : 14E4 43A3 class=028000
0:101  0:000   - WIFI: Vendor=5348Broadcom
0:101  0:000  PCI (00|00:1D.07) : 8086 02B7 class=060400
0:101  0:000  PCI (00|03:00.00) : 1217 8621 class=080501
0:102  0:000  PCI (00|00:1F.00) : 8086 0284 class=060100
0:102  0:000  PCI (00|00:1F.03) : 8086 02C8 class=040380
0:102  0:000  PCI (00|00:1F.04) : 8086 02A3 class=0C0500
0:102  0:000  PCI (00|00:1F.05) : 8086 02A4 class=0C8000
0:102  0:000  === [ GetDefaultSettings ] ======================
0:102  0:000  Clover load options size = 0 bytes
0:103  0:001  CheckOEMPathExists tried EFI\CLOVER\OEM\LNVNB161216\UEFI. Dir not exists
0:103  0:000  CheckOEMPathExists tried EFI\CLOVER\OEM\81NF. Dir not exists
0:103  0:000  CheckOEMPathExists tried EFI\CLOVER\OEM\81NF-396. Dir not exists
0:103  0:000  CheckOEMPathExists tried EFI\CLOVER\OEM\LNVNB161216. Dir not exists
0:103  0:000  CheckOEMPathExists tried EFI\CLOVER\OEM\LNVNB161216-396. Dir not exists
0:103  0:000  set OEMPath by default: EFI\CLOVER
0:107  0:003  EFI\CLOVER\config.plist loaded: Success
0:107  0:000  === [ GetListOfThemes ] =========================
0:107  0:000  === [ Found config plists ] =====================
0:107  0:000  - config.plist
0:107  0:000  === [ GetEarlyUserSettings ] ====================
0:107  0:000  timeout set to 5
0:107  0:000  Custom boot CUSTOM_BOOT_DISABLED (0x0)
0:107  0:000  ForceKextsToLoad: 1 requested
0:107  0:000   - [0]: System\Library\Extensions\IONetworkingFamily.kext
0:107  0:000  Default theme: Catalina
0:107  0:000  Hiding entries with string Preboot
0:107  0:000  === [ LoadDrivers ] =============================
0:108  0:000  Loading HfsPlus.efi  status=Success
0:113  0:004   - driver needs connecting
0:113  0:000  Loading OcQuirks.efi  status=Success
0:119  0:006  Loading OpenRuntime.efi  status=Success
0:124  0:004  Loading ApfsDriverLoader.efi  status=Success
0:128  0:004   - driver needs connecting
0:128  0:000  2 drivers needs connecting ...
0:128  0:000  PlatformDriverOverrideProtocol->GetDriver overriden
0:128  0:000  APFS driver loaded
0:128  0:000  Searching for invalid DiskIo BY_DRIVER connects: not found, all ok
2:151  2:022  === [ InitScreen ] ==============================
2:151  0:000  Console modes reported: 7, available modes:
2:151  0:000   - [01]: 80x25
2:151  0:000   - [02]: 80x50
2:151  0:000   - [03]: 80x25
2:151  0:000   - [04]: 240x56 (current mode)
2:151  0:000   - [05]: 100x31
2:151  0:000   - [06]: 128x40
2:151  0:000   - [07]: 160x53
2:151  0:000  SetScreenResolution: 1920x1080 - already set
2:151  0:000  SetScreenResolution: 1920x1080 - already set
2:151  0:000  reinit: self device path=PciRoot(0x0)\Pci(0x1D,0x0)\Pci(0x0,0x0)\NVMe(0x1,48-41-95-F8-FF-A7-79-64)\HD(1,GPT,B44F5A61-15FD-423C-8BC2-7463166828DE,0x28,0x64000)
2:151  0:000  new SelfHandle=7BF81F98
2:152  0:000  === [ GetMacAddress ] ===========================
2:152  0:000   get legacy LAN MAC, 0 card found
2:152  0:000  === [ ScanSPD ] =================================
2:152  0:000  Scanning SMBus [8086:02A3], mmio: 0xB1825004, ioport: 0x3040, hostc: 0x11
2:170  0:018  Slot: 2 Type 26 4096MB 2666MHz Vendor=Ramaxel Technology PartNo=RMSA3270ME86H9F-2666 SerialNo= 1 2 2 D 6 4 9 C
2:171  0:000  === [ GetAcpiTablesList ] =======================
2:171  0:000  Get Acpi Tables List from RSDT:
2:171  0:000   - [00]: FACP  CB-01    len=268
2:171  0:000   - [01]: UEFI  CB-01    len=566
2:171  0:000   - [02]: SSDT  CB-01    len=17979
2:171  0:000   - [03]: SSDT  CB-01    len=6986
2:171  0:000   - [04]: SSDT  CB-01    len=230
2:171  0:000   - [05]: SSDT  CB-01    len=12742
2:171  0:000   - [06]: SSDT  CB-01    len=1114
2:171  0:000   - [07]: SSDT  CB-01    len=70
2:171  0:000   - [08]: TPM2  CB-01    len=52
2:171  0:000   - [09]: MSDM  CB-01    len=85
2:171  0:000   - [10]: LPIT  CB-01    len=148
2:171  0:000   - [11]: WSMT  CB-01    len=40
2:171  0:000   - [12]: SSDT  CB-01    len=2928
2:171  0:000   - [13]: DBGP  CB-01    len=52
2:171  0:000   - [14]: DBG2  CB-01    len=84
2:171  0:000   - [15]: SSDT  CB-01    len=2975
2:171  0:000   - [16]: NHLT  CB-01    len=45
2:171  0:000   - [17]: HPET  CB-01    len=56
2:171  0:000   - [18]: APIC  CB-01    len=356
2:171  0:000   - [19]: MCFG  CB-01    len=60
2:171  0:000   - [20]: DMAR  EDK2     len=168
2:171  0:000   - [21]: SSDT  PcdTabl len=356
2:171  0:000   - [22]: SSDT  CompCMFC len=2100
2:171  0:000   - [23]: FPDT  EDK2INTL len=68
2:171  0:000   - [24]: BGRT  H2O BIOS len=56
2:171  0:000  Calibrated TSC Frequency = 2113459960 = 2113MHz
2:171  0:000  === [ GetUserSettings ] =========================
2:171  0:000  Add 3 devices (kTagTypeDict):
2:172  0:000  Add 1 devices (Arbitrary):
2:172  0:000   - [00]: [03:00.00]  (SDXC reader - RP16)
2:172  0:000  USB FixOwnership: yes
2:172  0:000  Dropping 3 tables:
2:172  0:000   - [00]: Drop table  signature="#MCF" (46434D23)
2:172  0:000           - set table: 46434D23,                0 to drop: no
2:172  0:000   - [01]: Drop table  signature="DMAR" (52414D44)
2:172  0:000           - set table: 52414D44,                0 to drop: yes
2:172  0:000   - [02]: Drop table  signature="SSDT" (54445353) table-id="xh_rvp10" (30317076725F6878)
2:172  0:000           - set table: 54445353, 30317076725f6878 to drop: no
2:172  0:000   - final DSDT Fix mask=00000000
2:172  0:000  PatchesDSDT: 5 requested
2:172  0:000   - [00]: (change Method(GPRW,2,N) to XPRW, pair with SSDT-GPRW.aml) lenToFind: 5, lenToReplace: 5, Target Bridge: 
2:172  0:000   - [01]: (change _OSI to XOSI, pair with SSDT-XOSI.aml) lenToFind: 4, lenToReplace: 4, Target Bridge: 
2:172  0:000    patch disabled at config
2:172  0:000   - [02]: (_Q11 to XQ11) lenToFind: 4, lenToReplace: 4, Target Bridge: 
2:172  0:000   - [03]: (_Q12 to XQ12) lenToFind: 4, lenToReplace: 4, Target Bridge: 
2:172  0:000   - [04]: (PNLF renamed XNLF) lenToFind: 4, lenToReplace: 4, Target Bridge: 
2:172  0:000  Using ProductName from config: MacBookPro15,4
2:172  0:000  Found same BiosVersion in clover and config
2:172  0:000  BiosVersion: MBP154.88Z.F000.B00.2003070211
2:172  0:000  BiosReleaseDate: 03/07/2020
2:172  0:000  Using EfiVersion from clover: 1037.100.355.0.0
2:172  0:000  Using FirmwareFeatures from config: 0xFC0FE137
2:172  0:000  Using FirmwareFeaturesMask from config: 0xFF1FFF3F
2:172  0:000  Board-ID set from config as Mac-53FDB3D8DB8CA971
2:172  0:000  BoardType: 0xA
2:172  0:000  ChassisType: 0x9
2:172  0:000  Converted CustomUUID E9208D7D-26EC-4FA7-AF3E-F08F94825571
2:172  0:000  === [ Found DSDT tables ] =======================
3:623  1:450  === [ ScanVolumes ] =============================
3:623  0:000  Found 18 volumes with blockIO
3:623  0:000  - [00]: Volume: PciRoot(0x0)\Pci(0x1D,0x0)\Pci(0x0,0x0)\NVMe(0x1,48-41-95-F8-FF-A7-79-64)
3:623  0:000  - [01]: Volume: PciRoot(0x0)\Pci(0x1D,0x0)\Pci(0x0,0x0)\NVMe(0x1,48-41-95-F8-FF-A7-79-64)\HD(1,GPT,B44F5A61-15FD-423C-8BC2-7463166828DE,0x28,0x64000)
3:623  0:000          Result of bootcode detection: bootable unknown (legacy)
3:624  0:000          This is SelfVolume !!
3:624  0:000  - [02]: Volume: PciRoot(0x0)\Pci(0x1D,0x0)\Pci(0x0,0x0)\NVMe(0x1,48-41-95-F8-FF-A7-79-64)\HD(2,GPT,97C1ED33-FF59-4EF5-B113-ED8882DA58D5,0x64028,0xEE8F498)
3:624  0:000          Result of bootcode detection: bootable unknown (legacy)
3:624  0:000  - [03]: Volume: PciRoot(0x0)\Pci(0x1D,0x0)\Pci(0x0,0x0)\NVMe(0x1,48-41-95-F8-FF-A7-79-64)\HD(3,GPT,432C6A0A-574A-4205-AB5C-955C6BACE0E6,0xEEF3800,0x8000)
3:625  0:000  - [04]: Volume: PciRoot(0x0)\Pci(0x1D,0x0)\Pci(0x0,0x0)\NVMe(0x1,48-41-95-F8-FF-A7-79-64)\HD(4,GPT,7127756E-8E5D-478A-9F5C-9D1D9DE0DB90,0xEEFB800,0xB65F000)
3:625  0:000          Result of bootcode detection: bootable Windows (vista,win)
3:625  0:000  - [05]: Volume: PciRoot(0x0)\Pci(0x1D,0x0)\Pci(0x0,0x0)\NVMe(0x1,48-41-95-F8-FF-A7-79-64)\HD(5,GPT,CE9CB58E-DD83-44A1-8461-E47742EDD511,0x1A55A800,0x37A8800)
3:625  0:000          Result of bootcode detection: bootable unknown (legacy)
3:626  0:000  - [06]: Volume: PciRoot(0x0)\Pci(0x1D,0x0)\Pci(0x0,0x0)\NVMe(0x1,48-41-95-F8-FF-A7-79-64)\HD(6,GPT,9542A98D-A5F5-496B-814F-245EB976F84B,0x1DD43000,0xEE0E800)
3:626  0:000          Result of bootcode detection: bootable unknown (legacy)
3:626  0:000  - [07]: Volume: PciRoot(0x0)\Pci(0x1D,0x0)\Pci(0x0,0x0)\NVMe(0x1,48-41-95-F8-FF-A7-79-64)\HD(7,GPT,870AB57A-3B3F-4C5D-9B27-3CDCDD96FFE7,0x2CB91DF0,0xEE4F498)
3:626  0:000          Result of bootcode detection: bootable unknown (legacy)
3:626  0:000  - [08]: Volume: PciRoot(0x0)\Pci(0x1D,0x0)\Pci(0x0,0x0)\NVMe(0x1,48-41-95-F8-FF-A7-79-64)\HD(2,GPT,97C1ED33-FF59-4EF5-B113-ED8882DA58D5,0x64028,0xEE8F498)\VenMedia(BE74FCF7-0B7C-49F3-9147-01F4042E6842,E18A7882880F5E46B730C8AFCFDFFF96)
3:627  0:000          hiding this volume
3:627  0:000  - [09]: Volume: PciRoot(0x0)\Pci(0x1D,0x0)\Pci(0x0,0x0)\NVMe(0x1,48-41-95-F8-FF-A7-79-64)\HD(2,GPT,97C1ED33-FF59-4EF5-B113-ED8882DA58D5,0x64028,0xEE8F498)\VenMedia(BE74FCF7-0B7C-49F3-9147-01F4042E6842,EDD70AB0EC8C7F46BA53FCD344EB79E4)
3:627  0:000  - [10]: Volume: PciRoot(0x0)\Pci(0x1D,0x0)\Pci(0x0,0x0)\NVMe(0x1,48-41-95-F8-FF-A7-79-64)\HD(2,GPT,97C1ED33-FF59-4EF5-B113-ED8882DA58D5,0x64028,0xEE8F498)\VenMedia(BE74FCF7-0B7C-49F3-9147-01F4042E6842,16F04DEEF638B247B03E32AF5CC0ABF9)
3:627  0:000  - [11]: Volume: PciRoot(0x0)\Pci(0x1D,0x0)\Pci(0x0,0x0)\NVMe(0x1,48-41-95-F8-FF-A7-79-64)\HD(2,GPT,97C1ED33-FF59-4EF5-B113-ED8882DA58D5,0x64028,0xEE8F498)\VenMedia(BE74FCF7-0B7C-49F3-9147-01F4042E6842,8C9DB95B6AB2C6448C48C6BF1E3E5C9F)
3:628  0:000  - [12]: Volume: PciRoot(0x0)\Pci(0x1D,0x0)\Pci(0x0,0x0)\NVMe(0x1,48-41-95-F8-FF-A7-79-64)\HD(2,GPT,97C1ED33-FF59-4EF5-B113-ED8882DA58D5,0x64028,0xEE8F498)\VenMedia(BE74FCF7-0B7C-49F3-9147-01F4042E6842,4EF609DADEBA3448A0A0449596923673)
3:628  0:000  - [13]: Volume: PciRoot(0x0)\Pci(0x1D,0x0)\Pci(0x0,0x0)\NVMe(0x1,48-41-95-F8-FF-A7-79-64)\HD(7,GPT,870AB57A-3B3F-4C5D-9B27-3CDCDD96FFE7,0x2CB91DF0,0xEE4F498)\VenMedia(BE74FCF7-0B7C-49F3-9147-01F4042E6842,B61B4D31D042C74383BA1082E344CC03)
3:628  0:000          hiding this volume
3:628  0:000  - [14]: Volume: PciRoot(0x0)\Pci(0x1D,0x0)\Pci(0x0,0x0)\NVMe(0x1,48-41-95-F8-FF-A7-79-64)\HD(7,GPT,870AB57A-3B3F-4C5D-9B27-3CDCDD96FFE7,0x2CB91DF0,0xEE4F498)\VenMedia(BE74FCF7-0B7C-49F3-9147-01F4042E6842,DD6B75948885194ABB83EE64B5111BB3)
3:629  0:000  - [15]: Volume: PciRoot(0x0)\Pci(0x1D,0x0)\Pci(0x0,0x0)\NVMe(0x1,48-41-95-F8-FF-A7-79-64)\HD(7,GPT,870AB57A-3B3F-4C5D-9B27-3CDCDD96FFE7,0x2CB91DF0,0xEE4F498)\VenMedia(BE74FCF7-0B7C-49F3-9147-01F4042E6842,471C9F8D21A9604589E07285D68F9E29)
3:629  0:000  - [16]: Volume: PciRoot(0x0)\Pci(0x1D,0x0)\Pci(0x0,0x0)\NVMe(0x1,48-41-95-F8-FF-A7-79-64)\HD(7,GPT,870AB57A-3B3F-4C5D-9B27-3CDCDD96FFE7,0x2CB91DF0,0xEE4F498)\VenMedia(BE74FCF7-0B7C-49F3-9147-01F4042E6842,14BAE828C422134F95A68B231F08B9C0)
3:629  0:000  - [17]: Volume: PciRoot(0x0)\Pci(0x1D,0x0)\Pci(0x0,0x0)\NVMe(0x1,48-41-95-F8-FF-A7-79-64)\HD(7,GPT,870AB57A-3B3F-4C5D-9B27-3CDCDD96FFE7,0x2CB91DF0,0xEE4F498)\VenMedia(BE74FCF7-0B7C-49F3-9147-01F4042E6842,55C0574687BC624DB826649C256F7040)
3:630  0:001  No AudioIoProtocols, status=Not Found
3:630  0:000  === [ InitTheme ] ===============================
3:630  0:000  use daylight theme
3:630  0:000   using embedded theme
3:630  0:000  got embedded sound
3:630  0:000    Channels: 2  Sample rate: 8000 Hz  Bits: 16
3:630  0:000  output to channel 0 with volume 70, len=25600
3:630  0:000   sound channels=2 bits=16 freq=8000
3:631  0:000  sound converted to 48kHz
3:631  0:000  not found AudioIo to play
3:631  0:000  sound play end with status=Not Found
3:636  0:004  Using embedded font: Success
3:636  0:000  theme inited
3:636  0:000  Chosen embedded theme
3:636  0:000  after NVRAM boot-args=dart=0 brcmfx-country=IT -v  
3:636  0:000  === [ Dump SMC keys from NVRAM ] ================
3:636  0:000  no AppleSMC protocol
3:643  0:006  === [ ScanLoader ] ==============================
3:643  0:000  - [01]: 'EFI'
3:644  0:001          AddLoaderEntry for Volume Name=EFI
3:649  0:004          AddLoaderEntry for Volume Name=EFI
3:649  0:000          skipped because entry is hidden
3:649  0:000  - [05]: 'LINUX'
3:653  0:003  - [08]: 'Preboot', hidden
3:653  0:000  - [09]: 'Catalina HD - Data'
3:655  0:002  - [10]: 'Recovery'
3:656  0:000          AddLoaderEntry for Volume Name=Recovery
3:664  0:007  - [11]: 'VM'
3:665  0:000  - [12]: 'Catalina HD'
3:672  0:006          AddLoaderEntry for Volume Name=Catalina HD
3:674  0:001      Check if volume Is Hibernated:
3:674  0:000      Check sleep image 'by signature':
3:674  0:000      using default sleep image name = \private\var\vm\sleepimage
3:675  0:000      sleepimage not found -> Not Found
3:675  0:000      hibernated: no - sign
3:677  0:002  - [13]: 'Preboot', hidden
3:677  0:000  - [14]: 'Mojave HD - Data'
3:681  0:003  - [15]: 'Recovery'
3:682  0:001          AddLoaderEntry for Volume Name=Recovery
3:685  0:003  - [16]: 'VM'
3:686  0:000  - [17]: 'Mojave HD'
3:692  0:006          AddLoaderEntry for Volume Name=Mojave HD
3:694  0:001      Check if volume Is Hibernated:
3:694  0:000      Check sleep image 'by signature':
3:694  0:000      using default sleep image name = \private\var\vm\sleepimage
3:695  0:000      sleepimage not found -> Not Found
3:695  0:000      hibernated: no - sign
3:696  0:001  Scanning legacy ...
3:696  0:000  === [ AddCustomTool ] ===========================
3:697  0:000  found tool \EFI\CLOVER\tools\Shell64U.efi
3:697  0:000  Checking EFI partition Volume 1 for Clover
3:698  0:000   Found Clover
3:699  0:001  === [ GetEfiBootDeviceFromNvram ] ===============
3:700  0:000   - efi-boot-device-data: PciRoot(0x0)\Pci(0x1D,0x0)\Pci(0x0,0x0)\NVMe(0x1,48-41-95-F8-FF-A7-79-64)\HD(7,GPT,870AB57A-3B3F-4C5D-9B27-3CDCDD96FFE7,0x2CB91DF0,0xEE4F498)\VenMedia(BE74FCF7-0B7C-49F3-9147-01F4042E6842,55C0574687BC624DB826649C256F7040)
3:700  0:000    - Volume: 'PciRoot(0x0)\Pci(0x1D,0x0)\Pci(0x0,0x0)\NVMe(0x1,48-41-95-F8-FF-A7-79-64)\HD(7,GPT,870AB57A-3B3F-4C5D-9B27-3CDCDD96FFE7,0x2CB91DF0,0xEE4F498)\VenMedia(BE74FCF7-0B7C-49F3-9147-01F4042E6842,55C0574687BC624DB826649C256F7040)'
3:700  0:000    - LoaderPath: ''
3:700  0:000    - Guid = 870AB57A-3B3F-4C5D-9B27-3CDCDD96FFE7
3:700  0:000  === [ FindStartupDiskVolume ] ===================
3:700  0:000    - Volume: partition = PciRoot(0x0)\Pci(0x1D,0x0)\Pci(0x0,0x0)\NVMe(0x1,48-41-95-F8-FF-A7-79-64)\HD(7,GPT,870AB57A-3B3F-4C5D-9B27-3CDCDD96FFE7,0x2CB91DF0,0xEE4F498)\VenMedia(BE74FCF7-0B7C-49F3-9147-01F4042E6842,55C0574687BC624DB826649C256F7040)
3:700  0:000     - searching for that partition
3:700  0:000      - found entry 4. 'Boot macOS from Mojave HD', Volume 'Mojave HD'
3:700  0:000  Boot redirected to Entry 4. 'Boot macOS from Mojave HD'
3:700  0:000  DefaultIndex=4 and MainMenu.Entries.size()=12
3:819  0:118  GUI ready
26:345  22:525  exit from MainMenu 1
26:345  0:000  Boot option Boot0000 not found
26:345  0:000  === [ StartLoader ] =============================
26:345  0:000  Finally: ExternalClock=26MHz BusSpeed=100641kHz CPUFreq=2113MHz PIS: hw.busfrequency=104000000Hz
26:345  0:000  start loader
26:345  0:000  Loading boot.efi  status=Success
26:439  0:094  GetOSVersion: 10.15.4 (19E287)
26:439  0:000  CSR_CFG: CSR_ALLOW_UNTRUSTED_KEXTS | CSR_ALLOW_UNRESTRICTED_FS | CSR_ALLOW_TASK_FOR_PID | CSR_ALLOW_UNRESTRICTED_DTRACE | CSR_ALLOW_UNRESTRICTED_NVRAM
26:439  0:000  Will not patch boot.efi
26:439  0:000  === [ PatchSmbios ] =============================
26:439  0:000  insert table 9 for dev 0:0
26:439  0:000  Table 11 present, but rewritten for us
26:442  0:002  Trusting SMBIOS...
26:442  0:000  Channels: 1
26:442  0:000  Interleave: 0 1 2 3 4 5 6 7 8 9 10 11 12 13 14 15 16 17 18 19 20 21 22 23
26:442  0:000   partNum=M471A5244CB0-CTD    
26:442  0:000  SMBIOS Type 17 Index = 0 => 0 0:
26:442  0:000  BANK 0 DIMM0 2667MHz 4096MB(Ext:0MB)
26:442  0:000   partNum=RMSA3270ME86H9F-2666
26:442  0:000  SMBIOS Type 17 Index = 1 => 1 1:
26:442  0:000  BANK 0 DIMM1 2667MHz 4096MB(Ext:0MB)
26:442  0:000  mTotalSystemMemory = 8192
26:442  0:000  NumberOfMemoryDevices = 2
26:442  0:000  Type20[0]->End = 0x3FFFFF, Type17[0] = 1000
26:442  0:000  Type20[1]->End = 0x3FFFFF, Type17[1] = 3000
26:442  0:000  Table 131 is present, CPUType=10
26:442  0:000  Change to: 605
26:442  0:000  Table 133 is present, PlatformFeature=494748494F484B01
26:442  0:000  Change to: 2
26:442  0:000  === [ PatchACPI ] ===============================
26:442  0:000  Xsdt reallocation done
26:442  0:000  old FADT length=10C
26:442  0:000   SignatureFixup: 0x26CEFE47 -> 0x0
26:442  0:000  Apply DsdtFixMask=0x00000000
26:442  0:000     drop _DSM mask=0xFFFF
26:442  0:000  === [ FixBiosDsdt ] =============================
26:442  0:000  Patching DSDT:
26:442  0:000   - [change Method(GPRW,2,N) to XPRW, pair with SSDT-GPRW.aml]: pattern 47505257, patched at: [ (171F3) ]
26:443  0:000   - [change _OSI to XOSI, pair with SSDT-XOSI.aml]: disabled
26:443  0:000   - [_Q11 to XQ11]: pattern 5F513131, patched at: [ (3F9BD) ]
26:444  0:000   - [_Q12 to XQ12]: pattern 5F513132, patched at: [ (3FA02) ]
26:445  0:000   - [PNLF renamed XNLF]: pattern 504E4C46, patched at: [ (475D) ]
26:445  0:000    0 replacements
26:448  0:002  PreCleanup XSDT: count=25, length=236
26:448  0:000  PreCleanup XSDT, corrected XSDT: count=25, length=236
26:448  0:000  === [ ACPIPatchedAML ] ==========================
26:448  0:000  AutoMerge pass 1
26:448  0:000  Unsorted
26:448  0:000  Inserting SSDT-Q11-Q12.aml from EFI\CLOVER\ACPI\patched: ignore on pass 1
26:448  0:000  Inserting AIR14-TPAD.aml from EFI\CLOVER\ACPI\patched: ignore on pass 1
26:448  0:000  Inserting SSDT-PNLF-CFL.aml from EFI\CLOVER\ACPI\patched: ignore on pass 1
26:448  0:000  Inserting SSDT-GPRW.aml from EFI\CLOVER\ACPI\patched: ignore on pass 1
26:448  0:000  Inserting SSDT-EC.aml from EFI\CLOVER\ACPI\patched: ignore on pass 1
26:448  0:000  Inserting SSDT-PLUG.aml from EFI\CLOVER\ACPI\patched: ignore on pass 1
26:448  0:000  === [ ACPIDropTables ] ==========================
26:448  0:000  Drop tables from XSDT, SIGN=DMAR TableID=EDK2     Length=168
26:448  0:000   Table[20]: DMAR  EDK2      168 dropped
26:448  0:000  Patching SSDT CB-01    Length=17979
26:448  0:000  0. [change Method(GPRW,2,N) to XPRW, pair with SSDT-GPRW.aml]: pattern 47505257, bin not found / already patched!
26:449  0:000  1. [change _OSI to XOSI, pair with SSDT-XOSI.aml]: disabled
26:449  0:000  2. [_Q11 to XQ11]: pattern 5F513131, bin not found / already patched!
26:449  0:000  3. [_Q12 to XQ12]: pattern 5F513132, bin not found / already patched!
26:449  0:000  4. [PNLF renamed XNLF]: pattern 504E4C46, bin not found / already patched!
26:449  0:000    0 replacements
26:449  0:000  Patching SSDT CB-01    Length=6986
26:449  0:000  0. [change Method(GPRW,2,N) to XPRW, pair with SSDT-GPRW.aml]: pattern 47505257, bin not found / already patched!
26:449  0:000  1. [change _OSI to XOSI, pair with SSDT-XOSI.aml]: disabled
26:449  0:000  2. [_Q11 to XQ11]: pattern 5F513131, bin not found / already patched!
26:449  0:000  3. [_Q12 to XQ12]: pattern 5F513132, bin not found / already patched!
26:449  0:000  4. [PNLF renamed XNLF]: pattern 504E4C46, bin not found / already patched!
26:449  0:000    0 replacements
26:449  0:000  Found OperationRegion(PNVS, SystemMemory, 8FDD1000, ...)
26:449  0:000  Patching SSDT CB-01    Length=230
26:449  0:000  0. [change Method(GPRW,2,N) to XPRW, pair with SSDT-GPRW.aml]: pattern 47505257, bin not found / already patched!
26:449  0:000  1. [change _OSI to XOSI, pair with SSDT-XOSI.aml]: disabled
26:449  0:000  2. [_Q11 to XQ11]: pattern 5F513131, bin not found / already patched!
26:449  0:000  3. [_Q12 to XQ12]: pattern 5F513132, bin not found / already patched!
26:449  0:000  4. [PNLF renamed XNLF]: pattern 504E4C46, bin not found / already patched!
26:449  0:000    0 replacements
26:449  0:000  Found OperationRegion(COMP, SystemMemory, 8FB84018, ...)
26:449  0:000  Patching SSDT CB-01    Length=12742
26:449  0:000  0. [change Method(GPRW,2,N) to XPRW, pair with SSDT-GPRW.aml]: pattern 47505257, bin not found / already patched!
26:449  0:000  1. [change _OSI to XOSI, pair with SSDT-XOSI.aml]: disabled
26:449  0:000  2. [_Q11 to XQ11]: pattern 5F513131, bin not found / already patched!
26:449  0:000  3. [_Q12 to XQ12]: pattern 5F513132, bin not found / already patched!
26:449  0:000  4. [PNLF renamed XNLF]: pattern 504E4C46, bin not found / already patched!
26:449  0:000    0 replacements
26:449  0:000  Found OperationRegion(SANV, SystemMemory, 8FB84298, ...)
26:449  0:000  Patching SSDT CB-01    Length=1114
26:449  0:000  0. [change Method(GPRW,2,N) to XPRW, pair with SSDT-GPRW.aml]: pattern 47505257, bin not found / already patched!
26:449  0:000  1. [change _OSI to XOSI, pair with SSDT-XOSI.aml]: disabled
26:449  0:000  2. [_Q11 to XQ11]: pattern 5F513131, bin not found / already patched!
26:449  0:000  3. [_Q12 to XQ12]: pattern 5F513132, bin not found / already patched!
26:449  0:000  4. [PNLF renamed XNLF]: pattern 504E4C46, bin not found / already patched!
26:449  0:000    0 replacements
26:449  0:000  Found OperationRegion(FHCI, SystemMemory, FED40000, ...)
26:449  0:000  Found OperationRegion(TNVS, SystemMemory, 8FB7E000, ...)
26:449  0:000  Patching SSDT CB-01    Length=70
26:449  0:000  0. [change Method(GPRW,2,N) to XPRW, pair with SSDT-GPRW.aml]: pattern 47505257, bin not found / already patched!
26:449  0:000  1. [change _OSI to XOSI, pair with SSDT-XOSI.aml]: disabled
26:449  0:000  2. [_Q11 to XQ11]: pattern 5F513131, bin not found / already patched!
26:449  0:000  3. [_Q12 to XQ12]: pattern 5F513132, bin not found / already patched!
26:449  0:000  4. [PNLF renamed XNLF]: pattern 504E4C46, bin not found / already patched!
26:449  0:000    0 replacements
26:449  0:000  Found OperationRegion(MENV, SystemMemory, 8FB84F98, ...)
26:449  0:000  Patching SSDT CB-01    Length=2928
26:449  0:000  0. [change Method(GPRW,2,N) to XPRW, pair with SSDT-GPRW.aml]: pattern 47505257, bin not found / already patched!
26:449  0:000  1. [change _OSI to XOSI, pair with SSDT-XOSI.aml]: disabled
26:449  0:000  2. [_Q11 to XQ11]: pattern 5F513131, bin not found / already patched!
26:449  0:000  3. [_Q12 to XQ12]: pattern 5F513132, bin not found / already patched!
26:449  0:000  4. [PNLF renamed XNLF]: pattern 504E4C46, bin not found / already patched!
26:449  0:000    0 replacements
26:449  0:000  Patching SSDT CB-01    Length=2975
26:449  0:000  0. [change Method(GPRW,2,N) to XPRW, pair with SSDT-GPRW.aml]: pattern 47505257, bin not found / already patched!
26:449  0:000  1. [change _OSI to XOSI, pair with SSDT-XOSI.aml]: disabled
26:449  0:000  2. [_Q11 to XQ11]: pattern 5F513131, bin not found / already patched!
26:450  0:000  3. [_Q12 to XQ12]: pattern 5F513132, bin not found / already patched!
26:450  0:000  4. [PNLF renamed XNLF]: pattern 504E4C46, bin not found / already patched!
26:450  0:000    0 replacements
26:450  0:000  Patching SSDT PcdTabl Length=356
26:450  0:000  0. [change Method(GPRW,2,N) to XPRW, pair with SSDT-GPRW.aml]: pattern 47505257, bin not found / already patched!
26:450  0:000  1. [change _OSI to XOSI, pair with SSDT-XOSI.aml]: disabled
26:450  0:000  2. [_Q11 to XQ11]: pattern 5F513131, bin not found / already patched!
26:450  0:000  3. [_Q12 to XQ12]: pattern 5F513132, bin not found / already patched!
26:450  0:000  4. [PNLF renamed XNLF]: pattern 504E4C46, bin not found / already patched!
26:450  0:000    0 replacements
26:450  0:000  Found OperationRegion(GPCD, SystemMemory, 8F367000, ...)
26:450  0:000  Patching SSDT CompCMFC Length=2100
26:450  0:000  0. [change Method(GPRW,2,N) to XPRW, pair with SSDT-GPRW.aml]: pattern 47505257, bin not found / already patched!
26:450  0:000  1. [change _OSI to XOSI, pair with SSDT-XOSI.aml]: disabled
26:450  0:000  2. [_Q11 to XQ11]: pattern 5F513131, bin not found / already patched!
26:450  0:000  3. [_Q12 to XQ12]: pattern 5F513132, bin not found / already patched!
26:450  0:000  4. [PNLF renamed XNLF]: pattern 504E4C46, bin not found / already patched!
26:450  0:000    0 replacements
26:450  0:000  === [ ACPIPatchedAML ] ==========================
26:450  0:000  AutoMerge pass 2
26:450  0:000  Unsorted
26:450  0:000  Inserting SSDT-Q11-Q12.aml from EFI\CLOVER\ACPI\patched: size=341 ... Success
26:450  0:000  Inserting AIR14-TPAD.aml from EFI\CLOVER\ACPI\patched: size=951 ... Success
26:451  0:000  Inserting SSDT-PNLF-CFL.aml from EFI\CLOVER\ACPI\patched: size=118 ... Success
26:451  0:000  Inserting SSDT-GPRW.aml from EFI\CLOVER\ACPI\patched: size=134 ... Success
26:451  0:000  Inserting SSDT-EC.aml from EFI\CLOVER\ACPI\patched: size=91 ... Success
26:452  0:000  Inserting SSDT-PLUG.aml from EFI\CLOVER\ACPI\patched: size=166 ... Success
26:452  0:000  ApicCPUNum=8
26:452  0:000  Cleanup XSDT: count=31, length=284
26:452  0:000  corrected XSDT count=30, length=276
26:452  0:000  === [ RestSetup macOS ] =========================
26:452  0:000  EdidDiscovered size=128
26:452  0:000  --- Discovered EDID Table size:128
26:452  0:000  000  |  00  FF  FF  FF  FF  FF  FF  00  0D  AE
26:452  0:000  010  |  D5  14  00  00  00  00  28  1A  01  04
26:452  0:000  020  |  A5  1F  11  78  02  EE  95  A3  54  4C
26:452  0:000  030  |  99  26  0F  50  54  00  00  00  01  01
26:452  0:000  040  |  01  01  01  01  01  01  01  01  01  01
26:452  0:000  050  |  01  01  01  01  B4  3B  80  4A  71  38
26:452  0:000  060  |  34  40  50  3C  68  00  35  AD  10  00
26:452  0:000  070  |  00  18  00  00  00  FE  00  4E  31  34
26:452  0:000  080  |  30  48  43  45  2D  45  4E  32  0A  20
26:452  0:000  090  |  00  00  00  FE  00  43  4D  4E  0A  20
26:452  0:000  100  |  20  20  20  20  20  20  20  20  00  00
26:452  0:000  110  |  00  FE  00  4E  31  34  30  48  43  45
26:452  0:000  120  |  2D  45  4E  32  0A  20  00  10
26:452  0:000  add device: PciRoot(0x0)/Pci(0x2,0x0)
26:452  0:000     Add key=model valuelen=32
26:452  0:000     Add key=framebuffer-unifiedmem valuelen=4
26:452  0:000     Add key=framebuffer-patch-enable valuelen=4
26:452  0:000     Add key=framebuffer-con2-type valuelen=4
26:452  0:000     Add key=framebuffer-con2-pipe valuelen=4
26:452  0:000     Add key=framebuffer-con2-enable valuelen=4
26:452  0:000     Add key=framebuffer-con2-busid valuelen=4
26:452  0:000     Add key=framebuffer-con1-type valuelen=4
26:452  0:000     Add key=framebuffer-con1-pipe valuelen=4
26:452  0:000     Add key=framebuffer-con1-has-lspcon valuelen=4
26:452  0:000     Add key=framebuffer-con1-enable valuelen=4
26:452  0:000     Add key=framebuffer-con1-busid valuelen=4
26:452  0:000     Add key=framebuffer-con0-pipe valuelen=4
26:452  0:000     Add key=framebuffer-con0-enable valuelen=4
26:452  0:000     Add key=enable-lspcon-support valuelen=4
26:452  0:000     Add key=enable-hdmi20 valuelen=4
26:452  0:000     Add key=enable-hdmi-dividers-fix valuelen=4
26:452  0:000     Add key=device_type valuelen=26
26:452  0:000     Add key=device-id valuelen=4
26:452  0:000     Add key=AAPL,slot-name valuelen=15
26:452  0:000     Add key=AAPL,ig-platform-id valuelen=4
26:452  0:000     Add key=AAPL,GfxYTile valuelen=4
26:452  0:000  add device: PciRoot(0x0)/Pci(0x1F,0x3)
26:452  0:000     Add key=layout-id valuelen=4
26:452  0:000     Add key=hda-gfx valuelen=10
26:452  0:000     Add key=device_type valuelen=28
26:452  0:000     Add key=device-id valuelen=4
26:452  0:000     Add key=AAPL,slot-name valuelen=9
26:452  0:000  add device: PciRoot(0x0)/Pci(0x1D,0x7)/Pci(0x0,0x0)
26:452  0:000     Add key=model valuelen=25
26:452  0:000     Add key=device_type valuelen=19
26:452  0:000     Add key=AAPL,slot-name valuelen=20
26:452  0:000  Intel GFX injection not set
26:452  0:000  custom properties for device 03:00.00 injected
26:452  0:000   RCBA disabled; cannot use it
26:453  0:000  stringlength = 4450
26:453  0:000  CurrentMode: Width=1920 Height=1080
26:453  0:000  Beginning FSInjection
26:453  0:000   - ERROR: gFSInjectProtocolGuid not found!
26:456  0:003  Use origin smbios table type 1 guid.
26:457  0:000    Force kext: System\Library\Extensions\IONetworkingFamily.kext
26:486  0:029      Force PlugIn kext: System\Library\Extensions\IONetworkingFamily.kext\Contents\PlugIns\AppleEthernetAquantiaAqtion.kext
26:516  0:029      Force PlugIn kext: System\Library\Extensions\IONetworkingFamily.kext\Contents\PlugIns\AppleBCM5701Ethernet.kext
26:548  0:032      Force PlugIn kext: System\Library\Extensions\IONetworkingFamily.kext\Contents\PlugIns\AppleIntelI210Ethernet.kext
26:574  0:025      Force PlugIn kext: System\Library\Extensions\IONetworkingFamily.kext\Contents\PlugIns\Intel82574L.kext
26:599  0:024      Force PlugIn kext: System\Library\Extensions\IONetworkingFamily.kext\Contents\PlugIns\IOEthernetAVBController.kext
26:613  0:014      Force PlugIn kext: System\Library\Extensions\IONetworkingFamily.kext\Contents\PlugIns\AppleEthernetAquantiaAqtionFirmware.kext
26:633  0:019      Force PlugIn kext: System\Library\Extensions\IONetworkingFamily.kext\Contents\PlugIns\AppleIntel8254XEthernet.kext
26:653  0:020      Force PlugIn kext: System\Library\Extensions\IONetworkingFamily.kext\Contents\PlugIns\AppleVmxnet3Ethernet.kext
26:672  0:018      Force PlugIn kext: System\Library\Extensions\IONetworkingFamily.kext\Contents\PlugIns\mDNSOffloadUserClient.kext
26:687  0:015  Preparing kexts injection for arch=x86_64 from EFI\CLOVER\kexts\Other
26:687  0:000  ->Extra kext: EFI\CLOVER\kexts\Other\BrcmPatchRAM3.kext (v.2.5.2)
26:907  0:219  ->Extra kext: EFI\CLOVER\kexts\Other\FakePCIID.kext (v.1.3.15)
26:922  0:015  ->Extra kext: EFI\CLOVER\kexts\Other\VirtualSMC.kext (v.1.1.1)
26:952  0:030  ->Extra kext: EFI\CLOVER\kexts\Other\BrcmBluetoothInjector.kext (v.2.5.2)
27:113  0:160  ->Extra kext: EFI\CLOVER\kexts\Other\VoodooPS2Controller.kext (v.2.1.3)
27:136  0:023      |-- PlugIn kext: EFI\CLOVER\kexts\Other\VoodooPS2Controller.kext\Contents\PlugIns\VoodooPS2Keyboard.kext (v.2.1.3)
27:174  0:038  ->Extra kext: EFI\CLOVER\kexts\Other\CPUFriend.kext (v.1.2.0)
27:200  0:025  ->Extra kext: EFI\CLOVER\kexts\Other\SMCProcessor.kext (v.1.1.1)
27:224  0:023  ->Extra kext: EFI\CLOVER\kexts\Other\CPUFriendDataProvider.kext (v.1.0.0)
27:309  0:084  ->Extra kext: EFI\CLOVER\kexts\Other\SMCBatteryManager.kext (v.1)
27:335  0:026  ->Extra kext: EFI\CLOVER\kexts\Other\WhateverGreen.kext (v.1.3.8)
27:365  0:029  ->Extra kext: EFI\CLOVER\kexts\Other\NVMeFix.kext (v.1.0.2)
27:387  0:022  ->Extra kext: EFI\CLOVER\kexts\Other\SMCSuperIO.kext (v.1.1.1)
27:411  0:024  ->Extra kext: EFI\CLOVER\kexts\Other\FakePCIID_Intel_HDMI_Audio.kext (v.1.3.15)
27:437  0:026  ->Extra kext: EFI\CLOVER\kexts\Other\USBPorts.kext (v.1.0)
27:453  0:015  ->Extra kext: EFI\CLOVER\kexts\Other\VoodooI2CHID.kext (v.1)
27:507  0:054  ->Extra kext: EFI\CLOVER\kexts\Other\VoodooI2C.kext (v.2.4)
27:576  0:069      |-- PlugIn kext: EFI\CLOVER\kexts\Other\VoodooI2C.kext\Contents\PlugIns\VoodooInput.kext (v.1.0.4)
27:595  0:018      |-- PlugIn kext: EFI\CLOVER\kexts\Other\VoodooI2C.kext\Contents\PlugIns\VoodooInput.kext.dSYM (v.1.0.4)
27:599  0:004      |-- PlugIn kext: EFI\CLOVER\kexts\Other\VoodooI2C.kext\Contents\PlugIns\VoodooI2CServices.kext (v.1)
27:619  0:020      |-- PlugIn kext: EFI\CLOVER\kexts\Other\VoodooI2C.kext\Contents\PlugIns\VoodooGPIO.kext (v.1.1)
27:645  0:025  ->Extra kext: EFI\CLOVER\kexts\Other\AppleALC.kext (v.1.4.8)
29:371  1:726  ->Extra kext: EFI\CLOVER\kexts\Other\AirportBrcmFixup.kext (v.2.0.6)
29:421  0:049  ->Extra kext: EFI\CLOVER\kexts\Other\NoTouchID.kext (v.1.0.3)
29:445  0:023  ->Extra kext: EFI\CLOVER\kexts\Other\BrcmFirmwareData.kext (v.2.5.2)
29:473  0:028  ->Extra kext: EFI\CLOVER\kexts\Other\Lilu.kext (v.1.4.3)
29:498  0:025  Preparing kexts injection for arch=x86_64 from EFI\CLOVER\kexts\Off
29:498  0:000  Preparing kexts injection for arch=x86_64 from EFI\CLOVER\kexts\10
29:498  0:000  Preparing kexts injection for arch=x86_64 from EFI\CLOVER\kexts\10_normal
29:498  0:000  Preparing kexts injection for arch=x86_64 from EFI\CLOVER\kexts\10.15
29:498  0:000  Preparing kexts injection for arch=x86_64 from EFI\CLOVER\kexts\10.15_normal
29:498  0:000  Preparing kexts injection for arch=x86_64 from EFI\CLOVER\kexts\10.15.4
29:498  0:000  Preparing kexts injection for arch=x86_64 from EFI\CLOVER\kexts\10.15.4_normal
29:505  0:006  SetStartupDiskVolume:
29:505  0:000    * Volume: 'Mojave HD'
29:505  0:000    * LoaderPath: ''
29:505  0:000    * DevPath: Mojave HD
29:505  0:000    * GUID = 870AB57A-3B3F-4C5D-9B27-3CDCDD96FFE7
29:505  0:000    * efi-boot-device: <array><dict><key>IOMatch</key><dict><key>IOProviderClass</key><string>IOMedia</string><key>IOPropertyMatch</key><dict><key>UUID</key><string>870AB57A-3B3F-4C5D-9B27-3CDCDD96FFE7</string></dict></dict></dict></array>
29:505  0:000  Custom boot screen not used because entry has unset use graphics
29:507  0:001  Closing log
