0:100  0:100  MemLog inited, TSC freq: 2111812860
0:100  0:000  CPU was calibrated with RTC
0:100  0:000  
0:100  0:000  Now is 25.12.2019,  10:10:58 (GMT)
0:100  0:000  Starting Clover revision: 5100 (master, commit 90148880) on INSYDE Corp. EFI
0:100  0:000  Build with: [Args: -D NO_GRUB_DRIVERS_EMBEDDED -t GCC53 | -D NO_GRUB_DRIVERS_EMBEDDED --conf=/Users/sergey/src/Clover/Conf -D USE_LOW_EBDA -a X64 -b RELEASE -t GCC53 -n 5 | OS: 10.14.6]
0:100  0:000  SelfDevicePath=PciRoot(0x0)\Pci(0x14,0x0)\USB(0x1,0x0)\HD(1,GPT,3780F495-E140-43F4-B6DD-CB2116373579,0x28,0x64000) @7BFA3B18
0:100  0:000  SelfDirPath = \EFI\BOOT
0:103  0:002  SimpleTextEx Status=Success
0:103  0:000  === [ Get Smbios ] ========================================
0:103  0:000  Type 16 Index = 0
0:103  0:000  Total Memory Slots Count = 2
0:103  0:000  Type 17 Index = 0
0:103  0:000  SmbiosTable.Type17->Speed = 2667MHz
0:103  0:000  SmbiosTable.Type17->Size = 4096MB
0:103  0:000  SmbiosTable.Type17->Bank/Device = BANK 0 ChannelA-DIMM0
0:103  0:000  SmbiosTable.Type17->Vendor = Samsung
0:103  0:000  SmbiosTable.Type17->SerialNumber = 00000000
0:103  0:000  SmbiosTable.Type17->PartNumber = M471A5244CB0-CTD    
0:103  0:000  Type 17 Index = 1
0:103  0:000  SmbiosTable.Type17->Speed = 2667MHz
0:103  0:000  SmbiosTable.Type17->Size = 4096MB
0:103  0:000  SmbiosTable.Type17->Bank/Device = BANK 2 ChannelB-DIMM0
0:103  0:000  SmbiosTable.Type17->Vendor = Ramaxel
0:103  0:000  SmbiosTable.Type17->SerialNumber = 122D649C
0:103  0:000  SmbiosTable.Type17->PartNumber = RMSA3270ME86H9F-2666
0:103  0:000  Boot status=0
0:103  0:000  Running on: '81NF' with board 'LNVNB161216'
0:103  0:000  === [ GetCPUProperties ] ==================================
0:103  0:000  CPU Vendor = 756E6547 Model=806EC
0:103  0:000   The CPU supported SSE4.1
0:103  0:000  BrandString = Intel(R) Core(TM) i5-10210U CPU @ 1.60GHz
0:103  0:000   The CPU supported turbo
0:103  0:000  MSR 0x35               40008
0:103  0:000   TSC/CCC Information Leaf:
0:103  0:000    numerator     : 176
0:103  0:000    denominator   : 2
0:103  0:000   Calibrated ARTFrequency: 23997873
0:103  0:000   Rounded ARTFrequency: 24000000
0:103  0:000  MSR 0xE2 before patch 1E008008
0:103  0:000  MSR 0xE2 is locked, PM patches will be turned on
0:103  0:000  MSR 0xCE              0004043D_F1011500
0:103  0:000  corrected FLEX_RATIO = 0
0:103  0:000  MSR 0x1B0             00000000
0:103  0:000  FSBFrequency = 76 MHz, DMI FSBFrequency = 100 MHz, Corrected FSBFrequency = 100 MHz
0:103  0:000  MaxDiv/MinDiv: 21.0/4
0:103  0:000  Turbo: 39/39/41/42
0:103  0:000  Features: 0xBFEBFBFF
0:103  0:000  Threads: 8
0:103  0:000  Cores: 4
0:103  0:000  FSB: 100 MHz
0:103  0:000  CPU: 1584 MHz
0:103  0:000  TSC: 1584 MHz
0:103  0:000  PIS: 100 MHz
0:103  0:000  ExternalClock: 25 MHz
0:103  0:000  === [ GetDevices ] ========================================
0:103  0:000  GOP found at: PciRoot(0x0)/Pci(0x2,0x0)/AcpiAdr(0x80011400)
0:103  0:000  PCI (00|00:00.00) : 8086 9B61 class=060000
0:103  0:000  PCI (00|00:02.00) : 8086 9B41 class=030000
0:103  0:000   - GOP: Provided by device
0:103  0:000   - GFX: Model=Intel UHD Graphics 620 (Intel)
0:103  0:000  PCI (00|00:04.00) : 8086 1903 class=118000
0:103  0:000  PCI (00|00:08.00) : 8086 1911 class=088000
0:103  0:000  PCI (00|00:12.00) : 8086 02F9 class=118000
0:103  0:000  PCI (00|00:14.00) : 8086 02ED class=0C0330
0:103  0:000  PCI (00|00:14.02) : 8086 02EF class=050000
0:103  0:000  PCI (00|00:15.00) : 8086 02E8 class=0C8000
0:103  0:000  PCI (00|00:15.01) : 8086 02E9 class=0C8000
0:103  0:000  PCI (00|00:15.02) : 8086 02EA class=0C8000
0:103  0:000  PCI (00|00:16.00) : 8086 02E0 class=078000
0:103  0:000  PCI (00|00:1D.00) : 8086 02B0 class=060400
0:103  0:000  PCI (00|01:00.00) : 1CC4 5012 class=010802
0:103  0:000  PCI (00|00:1D.06) : 8086 02B6 class=060400
0:104  0:000  PCI (00|02:00.00) : 14E4 43A3 class=028000
0:104  0:000   - WIFI: Vendor=Broadcom
0:104  0:000  PCI (00|00:1D.07) : 8086 02B7 class=060400
0:104  0:000  PCI (00|03:00.00) : 1217 8621 class=080501
0:104  0:000  PCI (00|00:1F.00) : 8086 0284 class=060100
0:104  0:000  PCI (00|00:1F.03) : 8086 02C8 class=040380
0:104  0:000  PCI (00|00:1F.04) : 8086 02A3 class=0C0500
0:104  0:000  PCI (00|00:1F.05) : 8086 02A4 class=0C8000
0:104  0:000  === [ GetDefaultSettings ] ================================
0:104  0:000  Clover load options size = 0 bytes
0:121  0:017  EFI\CLOVER\config.plist loaded: Success
0:121  0:000  === [ GetListOfThemes ] ===================================
0:126  0:004  - [00]: newyear
0:136  0:010  - [01]: christmas
0:142  0:005  - [02]: Clovy
0:177  0:034  - [03]: BGM
0:194  0:017  - [04]: cesium
0:217  0:023  - [05]: random
0:223  0:005  - [05]: embedded
0:223  0:000  === [ Found config plists ] ===============================
0:226  0:002  - config.plist
0:229  0:002  === [ GetEarlyUserSettings ] ==============================
0:229  0:000  timeout set to 5
0:229  0:000  Custom boot CUSTOM_BOOT_DISABLED (0x0)
0:229  0:000  ForceKextsToLoad: 1 requested
0:229  0:000   - [0]: System\Library\Extensions\IONetworkingFamily.kext
0:229  0:000  KextsToPatch: 2 requested
0:229  0:000   - [00]: com.apple.driver.AppleIntelLpssI2C (Prevent Apple I2C kexts from attaching to I2C controllers, credit CoolStar) :: PlistPatch :: data len: 5
0:229  0:000   - [01]: com.apple.driver.AppleIntelLpssI2CController (Prevent Apple I2C kexts from attaching to I2C controllers, credit CoolStar) :: PlistPatch :: data len: 5
0:229  0:000  KernelToPatch: 2 requested
0:229  0:000   - [00]: MSR 0xE2 _xcpm_idle instant reboot(c) Pike R. Alpha :: data len: 8
0:229  0:000   - [01]: Disable panic kext logging on 10.14 release kernel (credit vit9696) :: MatchOS: 10.14.x :: data len: 6
0:229  0:000  Default theme: Catalina
0:229  0:000  Hiding entries with string Preboot
0:229  0:000  === [ LoadDrivers ] =======================================
0:234  0:005  Loading FSInject.efi  status=Success
0:235  0:000  Loading UsbKbDxe.efi  status=Success
0:238  0:003   - driver needs connecting
0:238  0:000  Loading NvmExpressDxe.efi  status=Success
0:241  0:003   - driver needs connecting
0:241  0:000  Loading HFSPlus.efi  status=Success
0:242  0:000   - driver needs connecting
0:242  0:000  Loading Ps2MouseDxe.efi  status=Success
0:242  0:000   - driver needs connecting
0:242  0:000  Loading DataHubDxe.efi  status=Success
0:243  0:000  Loading NTFS.efi  status=Success
0:249  0:005   - driver needs connecting
0:249  0:000  Loading ApfsDriverLoader.efi  status=Success
0:252  0:003   - driver needs connecting
0:252  0:000  Loading AudioDxe.efi  status=Success
0:255  0:003   - driver needs connecting
0:255  0:000  Loading UsbMouseDxe.efi  status=Success
0:256  0:000   - driver needs connecting
0:256  0:000  Loading AptioMemoryFix.efi  status=Success
0:257  0:000  8 drivers needs connecting ...
0:257  0:000  PlatformDriverOverrideProtocol->GetDriver overriden
0:257  0:000  HFS+ driver loaded
0:257  0:000  APFS driver loaded
0:257  0:000  Searching for invalid DiskIo BY_DRIVER connects: not found, all ok
4:565  4:307  === [ InitScreen ] ========================================
4:565  0:000  Console modes reported: 7, available modes:
4:565  0:000   - [01]: 80x25
4:565  0:000   - [02]: 80x50
4:565  0:000   - [03]: 80x25
4:565  0:000   - [04]: 240x56 (current mode)
4:565  0:000   - [05]: 100x31
4:565  0:000   - [06]: 128x40
4:565  0:000   - [07]: 160x53
4:565  0:000  SetScreenResolution: 1920x1080 - already set
4:565  0:000  SetScreenResolution: 1920x1080 - already set
4:565  0:000  reinit: self device path=PciRoot(0x0)\Pci(0x14,0x0)\USB(0x1,0x0)\HD(1,GPT,3780F495-E140-43F4-B6DD-CB2116373579,0x28,0x64000)
4:565  0:000  Using embedded font: Success
4:566  0:000  === [ GetMacAddress ] =====================================
4:566  0:000   get legacy LAN MAC, 0 card found
4:566  0:000  === [ ScanSPD ] ===========================================
4:567  0:000  Scanning SMBus [8086:02A3], mmio: 0xB1825004, ioport: 0x3040, hostc: 0x11
4:585  0:018  Slot: 2 Type 26 4096MB 2666MHz Vendor=Ramaxel Technology PartNo=RMSA3270ME86H9F-2666 SerialNo=0102020D0604090C
4:586  0:000  === [ GetAcpiTablesList ] =================================
4:586  0:000  Get Acpi Tables List from RSDT:
4:586  0:000   - [00]: FACP  CB-01    len=268
4:586  0:000   - [01]: UEFI  CB-01    len=566
4:586  0:000   - [02]: SSDT  CB-01    len=17979
4:586  0:000   - [03]: SSDT  CB-01    len=6986
4:586  0:000   - [04]: SSDT  CB-01    len=230
4:586  0:000   - [05]: SSDT  CB-01    len=12742
4:586  0:000   - [06]: MSDM  CB-01    len=85
4:586  0:000   - [07]: LPIT  CB-01    len=148
4:586  0:000   - [08]: WSMT  CB-01    len=40
4:586  0:000   - [09]: SSDT  CB-01    len=2928
4:586  0:000   - [10]: DBGP  CB-01    len=52
4:586  0:000   - [11]: DBG2  CB-01    len=84
4:586  0:000   - [12]: SSDT  CB-01    len=2975
4:586  0:000   - [13]: NHLT  CB-01    len=45
4:586  0:000   - [14]: HPET  CB-01    len=56
4:586  0:000   - [15]: APIC  CB-01    len=356
4:586  0:000   - [16]: MCFG  CB-01    len=60
4:586  0:000   - [17]: DMAR  EDK2     len=168
4:586  0:000   - [18]: SSDT  PcdTabl len=356
4:586  0:000   - [19]: SSDT  CompCMFC len=2100
4:586  0:000   - [20]: FPDT  EDK2INTL len=68
4:586  0:000   - [21]: BGRT  H2O BIOS len=56
4:586  0:000  Calibrated TSC Frequency = 2111812860 = 2111MHz
4:586  0:000  === [ GetUserSettings ] ===================================
4:586  0:000  Add 3 devices:
4:586  0:000  USB FixOwnership: yes
4:586  0:000  Dropping 3 tables:
4:586  0:000   - [00]: Drop table  signature="DMAR" (52414D44)
4:586  0:000           - set table: 52414D44,                0 to drop: yes
4:586  0:000   - [01]: Drop table  signature="SSDT" (54445353) table-id="CpuPm" (0000006D50757043)
4:586  0:000           - set table: 54445353,       6D50757043 to drop: no
4:586  0:000   - [02]: Drop table  signature="SSDT" (54445353) table-id="Cpu0Ist" (0074734930757043)
4:586  0:000           - set table: 54445353,   74734930757043 to drop: no
4:586  0:000   - final DSDT Fix mask=10420059
4:586  0:000  PatchesDSDT: 6 requested
4:586  0:000   - [00]: (change GFX0 to IGPU) lenToFind: 4, lenToReplace: 4, Target Bridge: <null string>
4:586  0:000   - [01]: (change HDAS to HDEF) lenToFind: 4, lenToReplace: 4, Target Bridge: <null string>
4:586  0:000   - [02]: (change HECI to IMEI) lenToFind: 4, lenToReplace: 4, Target Bridge: <null string>
4:586  0:000   - [03]: (change SAT0 to SATA) lenToFind: 4, lenToReplace: 4, Target Bridge: <null string>
4:586  0:000   - [04]: (change Method(GPRW,2,N) to XPRW, pair with SSDT-GPRW.aml) lenToFind: 5, lenToReplace: 5, Target Bridge: <null string>
4:586  0:000   - [05]: (change _OSI to XOSI, pair with SSDT-XOSI.aml) lenToFind: 4, lenToReplace: 4, Target Bridge: <null string>
4:586  0:000  Using ProductName from config: MacBookPro15,2
4:586  0:000  Using latest BiosVersion from config
4:586  0:000  BiosVersion: MBP152.88Z.F000.B00.1911142159
4:586  0:000  BiosReleaseDate: 11/14/2019
4:586  0:000  Using latest EfiVersion from config: 1037.60.58.0.0
4:586  0:000  Using FirmwareFeatures from config: 0xFC0FE137
4:586  0:000  Using FirmwareFeaturesMask from config: 0xFF1FFF3F
4:586  0:000  Board-ID set from config as Mac-827FB448E656EC26
4:586  0:000  BoardType: 0xA
4:586  0:000  ChassisType: 0x9
4:587  0:000  === [ Found DSDT tables ] =================================
4:927  0:340  === [ ScanVolumes ] =======================================
4:927  0:000  Found 14 volumes with blockIO
4:927  0:000  - [00]: Volume: PciRoot(0x0)\Pci(0x14,0x0)\USB(0x1,0x0)
4:928  0:000          USB volume
4:928  0:000  - [01]: Volume: PciRoot(0x0)\Pci(0x14,0x0)\USB(0x1,0x0)\HD(1,GPT,3780F495-E140-43F4-B6DD-CB2116373579,0x28,0x64000)
4:929  0:000          Result of bootcode detection: bootable unknown (legacy)
4:929  0:000          USB volume
4:932  0:002          This is SelfVolume !!
4:932  0:000  - [02]: Volume: PciRoot(0x0)\Pci(0x14,0x0)\USB(0x1,0x0)\HD(2,GPT,BC3A558D-DD6F-45A2-8CFF-7E7E6874859A,0x64028,0x1D371B0)
4:932  0:000          USB volume
4:932  0:000  - [03]: Volume: PciRoot(0x0)\Pci(0x1D,0x0)\Pci(0x0,0x0)\NVMe(0x1,48-41-95-F8-FF-A7-79-64)
4:933  0:000  - [04]: Volume: PciRoot(0x0)\Pci(0x1D,0x0)\Pci(0x0,0x0)\NVMe(0x1,48-41-95-F8-FF-A7-79-64)\HD(1,GPT,E4B72321-CCB9-4FE5-88CA-D78EFE34205A,0x28,0x64000)
4:933  0:000          Result of bootcode detection: bootable unknown (legacy)
4:934  0:000  - [05]: Volume: PciRoot(0x0)\Pci(0x1D,0x0)\Pci(0x0,0x0)\NVMe(0x1,48-41-95-F8-FF-A7-79-64)\HD(2,GPT,34C6CE26-EF9C-41B0-995E-655930FCCB73,0x64028,0x9542FD8)
4:934  0:000          Result of bootcode detection: bootable unknown (legacy)
4:934  0:000  - [06]: Volume: PciRoot(0x0)\Pci(0x1D,0x0)\Pci(0x0,0x0)\NVMe(0x1,48-41-95-F8-FF-A7-79-64)\HD(3,GPT,B5D411A5-0FFE-4BC9-87BE-C79748F618BB,0x95A7000,0x4A81000)
4:934  0:000  - [07]: Volume: PciRoot(0x0)\Pci(0x1D,0x0)\Pci(0x0,0x0)\NVMe(0x1,48-41-95-F8-FF-A7-79-64)\HD(4,GPT,8E356B2A-BDAB-4BE7-9869-DCE36CAB5488,0xE028000,0x8000)
4:934  0:000  - [08]: Volume: PciRoot(0x0)\Pci(0x1D,0x0)\Pci(0x0,0x0)\NVMe(0x1,48-41-95-F8-FF-A7-79-64)\HD(5,GPT,26C747AB-41BF-43C8-995E-063A21066B28,0xE068800,0x21EF4800)
4:935  0:000          Result of bootcode detection: bootable unknown (legacy)
4:935  0:000  - [09]: Volume: PciRoot(0x0)\Pci(0x1D,0x0)\Pci(0x0,0x0)\NVMe(0x1,48-41-95-F8-FF-A7-79-64)\HD(6,GPT,BC8EBA16-EE4D-4A98-A4BA-876EB9FD9AB7,0x2FF9D800,0xBA03800)
4:935  0:000          Result of bootcode detection: bootable Windows (vista,win)
4:935  0:000  - [10]: Volume: PciRoot(0x0)\Pci(0x1D,0x0)\Pci(0x0,0x0)\NVMe(0x1,48-41-95-F8-FF-A7-79-64)\HD(2,GPT,34C6CE26-EF9C-41B0-995E-655930FCCB73,0x64028,0x9542FD8)\VenMedia(BE74FCF7-0B7C-49F3-9147-01F4042E6842,8FB118DDE1A2844AA7408E679D51B7BF)
4:935  0:000          hiding this volume
4:935  0:000  - [11]: Volume: PciRoot(0x0)\Pci(0x1D,0x0)\Pci(0x0,0x0)\NVMe(0x1,48-41-95-F8-FF-A7-79-64)\HD(2,GPT,34C6CE26-EF9C-41B0-995E-655930FCCB73,0x64028,0x9542FD8)\VenMedia(BE74FCF7-0B7C-49F3-9147-01F4042E6842,831C15458DF7A73991B631E0DD7AD027)
4:935  0:000  - [12]: Volume: PciRoot(0x0)\Pci(0x1D,0x0)\Pci(0x0,0x0)\NVMe(0x1,48-41-95-F8-FF-A7-79-64)\HD(2,GPT,34C6CE26-EF9C-41B0-995E-655930FCCB73,0x64028,0x9542FD8)\VenMedia(BE74FCF7-0B7C-49F3-9147-01F4042E6842,42F34BD2A0E85E4389E65C5881015251)
4:935  0:000  - [13]: Volume: PciRoot(0x0)\Pci(0x1D,0x0)\Pci(0x0,0x0)\NVMe(0x1,48-41-95-F8-FF-A7-79-64)\HD(2,GPT,34C6CE26-EF9C-41B0-995E-655930FCCB73,0x64028,0x9542FD8)\VenMedia(BE74FCF7-0B7C-49F3-9147-01F4042E6842,82064FA78C54B24689BBD23FF22B0617)
4:936  0:000  found 2 handles with audio
4:936  0:000  No AudioIoDevice stored
4:936  0:000  no stored audio parameters
4:936  0:000  === [ InitTheme ] =========================================
4:936  0:000  use daylight theme
4:945  0:009  Using theme 'christmas' (EFI\CLOVER\themes\christmas)
4:945  0:000  OS main and drive as badge
4:945  0:000  Warning! Character width 9 should be even!
4:945  0:000  file sound read: sound.wav Not Found
4:949  0:004  Loading font from ThemeDir: Success
4:950  0:000  theme inited
4:950  0:000  Chosen theme christmas
4:950  0:000  after NVRAM boot-args=-v dart=0 -disablegfxfirmware
4:950  0:000  === [ Dump SMC keys from NVRAM ] ==========================
4:950  0:000  no AppleSMC protocol
4:951  0:001  === [ ScanLoader ] ========================================
4:951  0:000  - [01]: 'EFI'
4:978  0:026          AddLoaderEntry for Volume Name=EFI
4:978  0:000          skipped because entry is hidden
4:978  0:000  - [02]: 'Sandisk'
4:989  0:011  - [04]: 'EFI'
4:991  0:001          AddLoaderEntry for Volume Name=EFI
4:995  0:004          AddLoaderEntry for Volume Name=EFI
5:005  0:009          AddLoaderEntry for Volume Name=EFI
5:005  0:000          skipped because entry is hidden
5:005  0:000  - [09]: ''
5:023  0:017  - [10]: 'Preboot', hidden
5:023  0:000  - [11]: 'Hackinosh HD'
5:029  0:005          AddLoaderEntry for Volume Name=Hackinosh HD
5:030  0:001      hibernated: set as never
5:043  0:012  - [12]: 'Recovery'
5:043  0:000          AddLoaderEntry for Volume Name=Recovery
5:055  0:012  - [13]: 'VM'
5:066  0:010  Scanning legacy ...
5:066  0:000   9: '' (vista,win) add legacy
5:066  0:000   added 'Boot Windows from ' OSType=2 Icon=vista,win
5:066  0:000  === [ AddCustomTool ] =====================================
5:070  0:003  found tool \EFI\CLOVER\tools\Shell64U.efi
5:070  0:000  Checking EFI partition Volume 1 for Clover
5:070  0:000   Found Clover
5:071  0:001  === [ GetEfiBootDeviceFromNvram ] =========================
5:071  0:000   - efi-boot-device-data: PciRoot(0x0)\Pci(0x1D,0x0)\Pci(0x0,0x0)\NVMe(0x1,48-41-95-F8-FF-A7-79-64)\HD(2,GPT,34C6CE26-EF9C-41B0-995E-655930FCCB73,0x64028,0x9542FD8)\VenMedia(BE74FCF7-0B7C-49F3-9147-01F4042E6842,831C15458DF7A73991B631E0DD7AD027)
5:071  0:000    - Volume: 'PciRoot(0x0)\Pci(0x1D,0x0)\Pci(0x0,0x0)\NVMe(0x1,48-41-95-F8-FF-A7-79-64)\HD(2,GPT,34C6CE26-EF9C-41B0-995E-655930FCCB73,0x64028,0x9542FD8)\VenMedia(BE74FCF7-0B7C-49F3-9147-01F4042E6842,831C15458DF7A73991B631E0DD7AD027)'
5:071  0:000    - LoaderPath: '<null string>'
5:071  0:000    - Guid = 34C6CE26-EF9C-41B0-995E-655930FCCB73
5:071  0:000  === [ FindStartupDiskVolume ] =============================
5:071  0:000    - Volume: partition = PciRoot(0x0)\Pci(0x1D,0x0)\Pci(0x0,0x0)\NVMe(0x1,48-41-95-F8-FF-A7-79-64)\HD(2,GPT,34C6CE26-EF9C-41B0-995E-655930FCCB73,0x64028,0x9542FD8)\VenMedia(BE74FCF7-0B7C-49F3-9147-01F4042E6842,831C15458DF7A73991B631E0DD7AD027)
5:071  0:000     - searching for that partition
5:071  0:000      - found entry 2. 'Boot macOS from Hackinosh HD', Volume 'Hackinosh HD'
5:071  0:000  Boot redirected to Entry 2. 'Boot macOS from Hackinosh HD'
5:071  0:000  DefaultIndex=2 and MainMenu.EntryCount=11
5:071  0:000  Use anime=Anim_1_Logo frames=26
5:366  0:295   found 26 frames of the anime
5:366  0:000   Anime seems OK, init it
5:618  0:251  GUI ready
17:296  11:678  Found UEFI Acpi 2.0 RSDP at 8FC4E014
17:296  0:000  Saving ACPI tables from RSDP 8FC4E014 to EFI\CLOVER\ACPI\origin ...
17:296  0:000   8FC4E014: 'RSD PTR ', Rev: 2 (Acpi 2.0 or newer), Len: 36 -> RSDP.aml
23:910  6:614    (Xsdt: 8FBEE188, Rsdt: 8FBEE0C4)
23:910  0:000    8FBEE188: 'XSDT', 'CB-01', Rev: 1, Len: 212 -> XSDT.aml
24:832  0:921    8FBEE0C4: 'RSDT', 'CB-01', Rev: 1, Len: 124 -> RSDT.aml
26:541  1:709    Tables in Xsdt: 22
26:541  0:000    0. 8FC38000: 'FACP', 'CB-01', Rev: 5, Len: 268 -> FACP.aml
27:427  0:885        (Dsdt: 8FBF2000, Facs: 8FB72000, XDsdt: 8FBF2000, XFacs: 0)
27:427  0:000        8FBF2000: 'DSDT', 'CB-01', Rev: 2, Len: 274309 -> DSDT.aml
28:392  0:964        8FB72000: 'FACS', Ver: 2, Len: 64 -> FACS.aml
29:291  0:899    1. 8FBCE000: 'UEFI', 'CB-01', Rev: 1, Len: 566 -> UEFI.aml
31:044  1:752    2. 8FC48000: 'SSDT', 'CB-01', Rev: 2, Len: 17979 -> SSDT-0-CB-01.aml
32:814  1:769    3. 8FC46000: 'SSDT', 'CB-01', Rev: 2, Len: 6986 -> SSDT-1-CB-01.aml
33:746  0:932    4. 8FC45000: 'SSDT', 'CB-01', Rev: 2, Len: 230 -> SSDT-2-CB-01.aml
34:648  0:902    5. 8FC41000: 'SSDT', 'CB-01', Rev: 2, Len: 12742 -> SSDT-3-CB-01.aml
36:391  1:742    6. 8FC40000: 'MSDM', 'CB-01', Rev: 3, Len: 85 -> MSDM.aml
38:131  1:740    7. 8FC3F000: 'LPIT', 'CB-01', Rev: 1, Len: 148 -> LPIT.aml
39:067  0:935    8. 8FC3E000: 'WSMT', 'CB-01', Rev: 1, Len: 40 -> WSMT.aml
39:981  0:913    9. 8FC3D000: 'SSDT', 'CB-01', Rev: 2, Len: 2928 -> SSDT-4-CB-01.aml
41:717  1:735    10. 8FC3C000: 'DBGP', 'CB-01', Rev: 1, Len: 52 -> DBGP.aml
43:490  1:773    11. 8FC3B000: 'DBG2', 'CB-01', Rev: 0, Len: 84 -> DBG2.aml
44:390  0:899    12. 8FC3A000: 'SSDT', 'CB-01', Rev: 2, Len: 2975 -> SSDT-5-CB-01.aml
45:301  0:911    13. 8FC39000: 'NHLT', 'CB-01', Rev: 0, Len: 45 -> NHLT.aml
47:032  1:730    14. 8FC37000: 'HPET', 'CB-01', Rev: 1, Len: 56 -> HPET.aml
48:786  1:754    15. 8FC36000: 'APIC', 'CB-01', Rev: 3, Len: 356 -> APIC.aml
49:700  0:913    16. 8FC35000: 'MCFG', 'CB-01', Rev: 1, Len: 60 -> MCFG.aml
50:609  0:909    17. 8FBF1000: 'DMAR', 'EDK2', Rev: 1, Len: 168 -> DMAR.aml
53:907  3:298    18. 8FBF0000: 'SSDT', 'PcdTabl', Rev: 1, Len: 356 -> SSDT-6-PcdTabl.aml
55:651  1:743    19. 8FBEF000: 'SSDT', 'CompCMFC', Rev: 2, Len: 2100 -> SSDT-7-CompCMFC.aml
56:572  0:921    20. 8FC4D000: 'FPDT', 'EDK2INTL', Rev: 1, Len: 68 -> FPDT.aml
57:464  0:891    21. 8FBED000: 'BGRT', 'H2O BIOS', Rev: 1, Len: 56 -> BGRT.aml
59:222  1:758    Tables in Rsdt: 22
59:222  0:000    0. 8FC38000: 'FACP', 'CB-01', Rev: 5, Len: 268
59:222  0:000        (Dsdt: 8FBF2000, Facs: 8FB72000, XDsdt: 8FBF2000, XFacs: 0)
59:222  0:000        8FBF2000: 'DSDT', 'CB-01', Rev: 2, Len: 274309
59:222  0:000        8FB72000: 'FACS', Ver: 2, Len: 64
59:222  0:000    1. 8FBCE000: 'UEFI', 'CB-01', Rev: 1, Len: 566
59:222  0:000    2. 8FC48000: 'SSDT', 'CB-01', Rev: 2, Len: 17979
59:222  0:000    3. 8FC46000: 'SSDT', 'CB-01', Rev: 2, Len: 6986
59:222  0:000    4. 8FC45000: 'SSDT', 'CB-01', Rev: 2, Len: 230
59:222  0:000    5. 8FC41000: 'SSDT', 'CB-01', Rev: 2, Len: 12742
59:222  0:000    6. 8FC40000: 'MSDM', 'CB-01', Rev: 3, Len: 85
59:222  0:000    7. 8FC3F000: 'LPIT', 'CB-01', Rev: 1, Len: 148
59:222  0:000    8. 8FC3E000: 'WSMT', 'CB-01', Rev: 1, Len: 40
59:222  0:000    9. 8FC3D000: 'SSDT', 'CB-01', Rev: 2, Len: 2928
59:222  0:000    10. 8FC3C000: 'DBGP', 'CB-01', Rev: 1, Len: 52
59:222  0:000    11. 8FC3B000: 'DBG2', 'CB-01', Rev: 0, Len: 84
59:222  0:000    12. 8FC3A000: 'SSDT', 'CB-01', Rev: 2, Len: 2975
59:222  0:000    13. 8FC39000: 'NHLT', 'CB-01', Rev: 0, Len: 45
59:222  0:000    14. 8FC37000: 'HPET', 'CB-01', Rev: 1, Len: 56
59:222  0:000    15. 8FC36000: 'APIC', 'CB-01', Rev: 3, Len: 356
59:222  0:000    16. 8FC35000: 'MCFG', 'CB-01', Rev: 1, Len: 60
59:222  0:000    17. 8FBF1000: 'DMAR', 'EDK2', Rev: 1, Len: 168
59:222  0:000    18. 8FBF0000: 'SSDT', 'PcdTabl', Rev: 1, Len: 356
59:222  0:000    19. 8FBEF000: 'SSDT', 'CompCMFC', Rev: 2, Len: 2100
59:222  0:000    20. 8FC4D000: 'FPDT', 'EDK2INTL', Rev: 1, Len: 68
59:222  0:000    21. 8FBED000: 'BGRT', 'H2O BIOS', Rev: 1, Len: 56
59:222  0:000  Found UEFI Acpi 1.0 RSDP at 8FC4E000
59:222  0:000  Printing ACPI tables from RSDP 8FC4E000 ...
59:222  0:000   8FC4E000: 'RSD PTR ', Rev: 0 (Acpi 1.0), Len: 20
59:222  0:000    (Rsdt: 8FBEE000)
59:222  0:000    8FBEE000: 'RSDT', 'CB-01', Rev: 1, Len: 124
59:222  0:000    Tables in Rsdt: 22
59:222  0:000    0. 8FC38000: 'FACP', 'CB-01', Rev: 5, Len: 268
59:222  0:000        (Dsdt: 8FBF2000, Facs: 8FB72000, XDsdt: 8FBF2000, XFacs: 0)
59:222  0:000        8FBF2000: 'DSDT', 'CB-01', Rev: 2, Len: 274309
59:222  0:000        8FB72000: 'FACS', Ver: 2, Len: 64
59:222  0:000    1. 8FBCE000: 'UEFI', 'CB-01', Rev: 1, Len: 566
59:222  0:000    2. 8FC48000: 'SSDT', 'CB-01', Rev: 2, Len: 17979
59:222  0:000    3. 8FC46000: 'SSDT', 'CB-01', Rev: 2, Len: 6986
59:222  0:000    4. 8FC45000: 'SSDT', 'CB-01', Rev: 2, Len: 230
59:222  0:000    5. 8FC41000: 'SSDT', 'CB-01', Rev: 2, Len: 12742
59:222  0:000    6. 8FC40000: 'MSDM', 'CB-01', Rev: 3, Len: 85
59:222  0:000    7. 8FC3F000: 'LPIT', 'CB-01', Rev: 1, Len: 148
59:222  0:000    8. 8FC3E000: 'WSMT', 'CB-01', Rev: 1, Len: 40
59:222  0:000    9. 8FC3D000: 'SSDT', 'CB-01', Rev: 2, Len: 2928
59:222  0:000    10. 8FC3C000: 'DBGP', 'CB-01', Rev: 1, Len: 52
59:222  0:000    11. 8FC3B000: 'DBG2', 'CB-01', Rev: 0, Len: 84
59:222  0:000    12. 8FC3A000: 'SSDT', 'CB-01', Rev: 2, Len: 2975
59:222  0:000    13. 8FC39000: 'NHLT', 'CB-01', Rev: 0, Len: 45
59:222  0:000    14. 8FC37000: 'HPET', 'CB-01', Rev: 1, Len: 56
59:222  0:000    15. 8FC36000: 'APIC', 'CB-01', Rev: 3, Len: 356
59:222  0:000    16. 8FC35000: 'MCFG', 'CB-01', Rev: 1, Len: 60
59:222  0:000    17. 8FBF1000: 'DMAR', 'EDK2', Rev: 1, Len: 168
59:222  0:000    18. 8FBF0000: 'SSDT', 'PcdTabl', Rev: 1, Len: 356
59:222  0:000    19. 8FBEF000: 'SSDT', 'CompCMFC', Rev: 2, Len: 2100
59:222  0:000    20. 8FC4D000: 'FPDT', 'EDK2INTL', Rev: 1, Len: 68
59:222  0:000    21. 8FBED000: 'BGRT', 'H2O BIOS', Rev: 1, Len: 56
71:234  12:012  exit from MainMenu 1
71:235  0:000  BootVariable of the entry is empty
71:235  0:000  === [ StartLoader ] =======================================
71:235  0:000  Finally: ExternalClock=26MHz BusSpeed=100563kHz CPUFreq=2112MHz PIS: hw.busfrequency=104000000Hz
71:235  0:000  Loading boot.efi  status=Success
71:271  0:036  GetOSVersion: 10.14 (18A391)
71:271  0:000  CSR_CFG: CSR_ALLOW_UNTRUSTED_KEXTS | CSR_ALLOW_UNRESTRICTED_FS | CSR_ALLOW_TASK_FOR_PID | CSR_ALLOW_UNRESTRICTED_DTRACE | CSR_ALLOW_UNRESTRICTED_NVRAM
71:271  0:000  Filtering KextPatches:
71:271  0:000   - [00]: com.apple.driver.AppleIntelLpssI2C (Prevent Apple I2C kexts from attaching to I2C controllers, credit CoolStar) :: PlistPatch :: [OS: 10.14 | MatchOS: All | MatchBuild: All] ==> allowed
71:271  0:000   - [01]: com.apple.driver.AppleIntelLpssI2CController (Prevent Apple I2C kexts from attaching to I2C controllers, credit CoolStar) :: PlistPatch :: [OS: 10.14 | MatchOS: All | MatchBuild: All] ==> allowed
71:271  0:000  Filtering KernelPatches:
71:271  0:000   - [00]: MSR 0xE2 _xcpm_idle instant reboot(c) Pike R. Alpha :: [OS: 10.14 | MatchOS: All | MatchBuild: no] ==> allowed by OS
71:271  0:000   - [01]: Disable panic kext logging on 10.14 release kernel (credit vit9696) :: [OS: 10.14 | MatchOS: 10.14.x | MatchBuild: no] ==> allowed by OS
71:271  0:000  Will not patch boot.efi
71:271  0:000  === [ PatchSmbios ] =======================================
71:271  0:000  insert table 9 for dev 0:0
71:271  0:000  Table 11 present, but rewritten for us
71:272  0:000  Trusting SMBIOS...
71:272  0:000  Channels: 1
71:272  0:000  Interleave: 0 1 2 3 4 5 6 7 8 9 10 11 12 13 14 15 16 17 18 19 20 21 22 23
71:272  0:000   partNum=M471A5244CB0-CTD    
71:272  0:000  SMBIOS Type 17 Index = 0 => 0 0:
71:272  0:000  BANK 0 DIMM0 2667MHz 4096MB
71:272  0:000   partNum=RMSA3270ME86H9F-2666
71:272  0:000  SMBIOS Type 17 Index = 1 => 1 1:
71:272  0:000  BANK 0 DIMM1 2667MHz 4096MB
71:272  0:000  mTotalSystemMemory = 8192
71:272  0:000  NumberOfMemoryDevices = 2
71:272  0:000  Type20[0]->End = 0x3FFFFF, Type17[0] = 0x1000
71:272  0:000  Type20[1]->End = 0x3FFFFF, Type17[1] = 0x3000
71:272  0:000  Table 131 is present, CPUType=10
71:272  0:000  Change to: 605
71:272  0:000  Table 133 is present, PlatformFeature=4F484B01
71:272  0:000  Change to: 2
71:272  0:000  === [ PatchACPI ] =========================================
71:272  0:000  Xsdt reallocation done
71:272  0:000  old FADT length=10C
71:272  0:000   SignatureFixup: 0x15B20B18 -> 0x0
71:272  0:000  Found OperationRegion(GNVS, SystemMemory, 8FB86018, ...)
71:272  0:000  Found OperationRegion(OGNS, SystemMemory, 8FB8DF98, ...)
71:272  0:000  Found OperationRegion(MDBG, SystemMemory, 8FB70018, ...)
71:272  0:000  Found OperationRegion(PNVA, SystemMemory, 8FB8DD18, ...)
71:272  0:000  Found OperationRegion(THBA, SystemMemory, FE200000, ...)
71:277  0:004  Found OperationRegion(BNVS, SystemMemory, FFFF0000, ...)
71:277  0:000  Found OperationRegion(ECMM, SystemMemory, FC7E0800, ...)
71:277  0:000  Found OperationRegion(PECM, SystemMemory, FC7E0800, ...)
71:277  0:000  Found OperationRegion(ECCD, SystemMemory, FC7E0800, ...)
71:277  0:000  Apply DsdtFixMask=0x10420059
71:277  0:000     drop _DSM mask=0x0000
71:277  0:000  === [ FixBiosDsdt ] =======================================
71:278  0:000  Patching DSDT:
71:278  0:000   - [change GFX0 to IGPU]: pattern 47465830, patched at: [ (52) (E) (12) (12) (12) (70) (12) (12) (12) (C86) (46) (12) (4E2) (5C) (295D) (11BE5) (30) (756) (30) (1B3E) (1B16) (14) (103F6) (1F2D) (13059) (D) (10) (C) (F) (80) (D) (10) (E7C) (47) (74) (F) (8) (2358) ]
71:278  0:000   - [change HDAS to HDEF]: pattern 48444153, patched at: [ (2CC) (12) (12) (718E) (76) (3F) (66) (93) (DB) (89) (225DB) (1D79) (902D) (8FCC) ]
71:278  0:000   - [change HECI to IMEI]: pattern 48454349, patched at: [ (128E4) (17433) (22DA) ]
71:278  0:000   - [change SAT0 to SATA]: pattern 53415430, patched at: [ (97C) (12) (1CA) (16) (16) (16) (16) (16) (16) (16) (16) (16) (16) (16) (5C4) (16) (16) (16) (16) (16) (190) (D3A1) (22B3) (27) (28) (28) (28) (28) (28) (29) (29) (29) (29) (29) (31) (27) (28) (28) (28) (28) (28) (29) (29) (29) (29) (29) (8AA4) (1020C) (1D85) (21) (12F) (493) (190) (20) (20) (20) (20) (20) (204) (20) (20) (20) (20) (20) (2D) (29) (2E) (2E) (2E) (166B8) ]
71:279  0:000   - [change Method(GPRW,2,N) to XPRW, pair with SSDT-GPRW.aml]: pattern 47505257, patched at: [ (1720C) ]
71:279  0:000   - [change _OSI to XOSI, pair with SSDT-XOSI.aml]: pattern 5F4F5349, patched at: [ (16815) (3) (18) (1C) (1C) (1A) (18) (18) (18) (18) (18) (18) (18) (1A) (10C3) (29161) ]
71:279  0:000    0 replacements
71:281  0:002  found RTC Length not match, Maybe will cause CMOS reset, will patch it.
71:281  0:000  found RTC had IRQNoFlag will move -3 bytes
71:281  0:000  found PIC had IRQNoFlag will move -3 bytes
71:282  0:000  Start HPET Fix
71:284  0:002   deleting device CRT_
71:285  0:000   deleting device DVI_
71:286  0:000   deleting device SPKR
71:286  0:000   deleting device ECP_
71:287  0:000   deleting device LPT_
71:288  0:000   deleting device FDC0
71:288  0:000   deleting device ECP1
71:289  0:000   deleting device LPT1
71:290  0:000    indirect name=PNVB
71:290  0:000  OperationRegion (THBA...) corrected from 0x0 to addr=0xFE200000
71:290  0:000    indirect name=TNVB
71:290  0:000  PreCleanup XSDT: count=22, length=212
71:290  0:000  PreCleanup XSDT, corrected XSDT: count=22, length=212
71:290  0:000  === [ ACPIPatchedAML ] ====================================
71:290  0:000  AutoMerge pass 1
71:290  0:000  Unsorted
71:290  0:000  Inserting SSDT-RTC_Y-AWAC-N.aml from EFI\CLOVER\ACPI\patched: ignore on pass 1
71:290  0:000  Inserting SSDT-PNLF-CFL.aml from EFI\CLOVER\ACPI\patched: ignore on pass 1
71:290  0:000  Inserting SSDT-XOSI.aml from EFI\CLOVER\ACPI\patched: ignore on pass 1
71:290  0:000  Inserting SSDT-EC.aml from EFI\CLOVER\ACPI\patched: ignore on pass 1
71:290  0:000  Inserting SSDT-GPRW.aml from EFI\CLOVER\ACPI\patched: ignore on pass 1
71:290  0:000  Inserting SSDT-ALS0.aml from EFI\CLOVER\ACPI\patched: ignore on pass 1
71:290  0:000  === [ ACPIDropTables ] ====================================
71:290  0:000  Drop tables from XSDT, SIGN=DMAR TableID=EDK2     Length=168
71:290  0:000   Table[17]: DMAR  EDK2      168 dropped
71:290  0:000  Patching SSDT CB-01    Length=17979
71:290  0:000  0. [change GFX0 to IGPU]: pattern 47465830, bin not found / already patched!
71:290  0:000  1. [change HDAS to HDEF]: pattern 48444153, bin not found / already patched!
71:291  0:000  2. [change HECI to IMEI]: pattern 48454349, bin not found / already patched!
71:291  0:000  3. [change SAT0 to SATA]: pattern 53415430, bin not found / already patched!
71:291  0:000  4. [change Method(GPRW,2,N) to XPRW, pair with SSDT-GPRW.aml]: pattern 47505257, bin not found / already patched!
71:291  0:000  5. [change _OSI to XOSI, pair with SSDT-XOSI.aml]: pattern 5F4F5349, bin not found / already patched!
71:291  0:000    0 replacements
71:291  0:000  Patching SSDT CB-01    Length=6986
71:291  0:000  0. [change GFX0 to IGPU]: pattern 47465830, bin not found / already patched!
71:291  0:000  1. [change HDAS to HDEF]: pattern 48444153, bin not found / already patched!
71:291  0:000  2. [change HECI to IMEI]: pattern 48454349, bin not found / already patched!
71:291  0:000  3. [change SAT0 to SATA]: pattern 53415430, bin not found / already patched!
71:291  0:000  4. [change Method(GPRW,2,N) to XPRW, pair with SSDT-GPRW.aml]: pattern 47505257, bin not found / already patched!
71:291  0:000  5. [change _OSI to XOSI, pair with SSDT-XOSI.aml]: pattern 5F4F5349, bin not found / already patched!
71:291  0:000    0 replacements
71:291  0:000  Found OperationRegion(PNVS, SystemMemory, 8FDD2000, ...)
71:291  0:000  Patching SSDT CB-01    Length=230
71:291  0:000  0. [change GFX0 to IGPU]: pattern 47465830, bin not found / already patched!
71:291  0:000  1. [change HDAS to HDEF]: pattern 48444153, bin not found / already patched!
71:291  0:000  2. [change HECI to IMEI]: pattern 48454349, bin not found / already patched!
71:291  0:000  3. [change SAT0 to SATA]: pattern 53415430, bin not found / already patched!
71:291  0:000  4. [change Method(GPRW,2,N) to XPRW, pair with SSDT-GPRW.aml]: pattern 47505257, bin not found / already patched!
71:291  0:000  5. [change _OSI to XOSI, pair with SSDT-XOSI.aml]: pattern 5F4F5349, bin not found / already patched!
71:291  0:000    0 replacements
71:291  0:000  Found OperationRegion(COMP, SystemMemory, 8FB8D018, ...)
71:291  0:000  Patching SSDT CB-01    Length=12742
71:291  0:000  0. [change GFX0 to IGPU]: pattern 47465830, patched at: [ (2D) (3A) (46) (2C1) (1C9A) (A3A) (1D) (6AF) ]
71:291  0:000  1. [change HDAS to HDEF]: pattern 48444153, bin not found / already patched!
71:291  0:000  2. [change HECI to IMEI]: pattern 48454349, bin not found / already patched!
71:291  0:000  3. [change SAT0 to SATA]: pattern 53415430, bin not found / already patched!
71:291  0:000  4. [change Method(GPRW,2,N) to XPRW, pair with SSDT-GPRW.aml]: pattern 47505257, bin not found / already patched!
71:291  0:000  5. [change _OSI to XOSI, pair with SSDT-XOSI.aml]: pattern 5F4F5349, bin not found / already patched!
71:291  0:000    0 replacements
71:291  0:000  Found OperationRegion(SANV, SystemMemory, 8FB8D298, ...)
71:291  0:000  Patching SSDT CB-01    Length=2928
71:291  0:000  0. [change GFX0 to IGPU]: pattern 47465830, bin not found / already patched!
71:291  0:000  1. [change HDAS to HDEF]: pattern 48444153, bin not found / already patched!
71:291  0:000  2. [change HECI to IMEI]: pattern 48454349, bin not found / already patched!
71:291  0:000  3. [change SAT0 to SATA]: pattern 53415430, bin not found / already patched!
71:291  0:000  4. [change Method(GPRW,2,N) to XPRW, pair with SSDT-GPRW.aml]: pattern 47505257, bin not found / already patched!
71:291  0:000  5. [change _OSI to XOSI, pair with SSDT-XOSI.aml]: pattern 5F4F5349, bin not found / already patched!
71:291  0:000    0 replacements
71:291  0:000  Patching SSDT CB-01    Length=2975
71:291  0:000  0. [change GFX0 to IGPU]: pattern 47465830, bin not found / already patched!
71:291  0:000  1. [change HDAS to HDEF]: pattern 48444153, bin not found / already patched!
71:291  0:000  2. [change HECI to IMEI]: pattern 48454349, bin not found / already patched!
71:291  0:000  3. [change SAT0 to SATA]: pattern 53415430, bin not found / already patched!
71:291  0:000  4. [change Method(GPRW,2,N) to XPRW, pair with SSDT-GPRW.aml]: pattern 47505257, bin not found / already patched!
71:291  0:000  5. [change _OSI to XOSI, pair with SSDT-XOSI.aml]: pattern 5F4F5349, bin not found / already patched!
71:291  0:000    0 replacements
71:291  0:000  Patching SSDT PcdTabl Length=356
71:291  0:000  0. [change GFX0 to IGPU]: pattern 47465830, bin not found / already patched!
71:291  0:000  1. [change HDAS to HDEF]: pattern 48444153, bin not found / already patched!
71:291  0:000  2. [change HECI to IMEI]: pattern 48454349, bin not found / already patched!
71:291  0:000  3. [change SAT0 to SATA]: pattern 53415430, bin not found / already patched!
71:291  0:000  4. [change Method(GPRW,2,N) to XPRW, pair with SSDT-GPRW.aml]: pattern 47505257, bin not found / already patched!
71:291  0:000  5. [change _OSI to XOSI, pair with SSDT-XOSI.aml]: pattern 5F4F5349, bin not found / already patched!
71:291  0:000    0 replacements
71:291  0:000  Found OperationRegion(GPCD, SystemMemory, 8F371000, ...)
71:291  0:000  Patching SSDT CompCMFC Length=2100
71:291  0:000  0. [change GFX0 to IGPU]: pattern 47465830, bin not found / already patched!
71:291  0:000  1. [change HDAS to HDEF]: pattern 48444153, bin not found / already patched!
71:291  0:000  2. [change HECI to IMEI]: pattern 48454349, bin not found / already patched!
71:291  0:000  3. [change SAT0 to SATA]: pattern 53415430, bin not found / already patched!
71:291  0:000  4. [change Method(GPRW,2,N) to XPRW, pair with SSDT-GPRW.aml]: pattern 47505257, bin not found / already patched!
71:291  0:000  5. [change _OSI to XOSI, pair with SSDT-XOSI.aml]: pattern 5F4F5349, bin not found / already patched!
71:291  0:000    0 replacements
71:291  0:000  === [ ACPIPatchedAML ] ====================================
71:291  0:000  AutoMerge pass 2
71:291  0:000  Unsorted
71:291  0:000  Inserting SSDT-RTC_Y-AWAC-N.aml from EFI\CLOVER\ACPI\patched: size=71 ... Success
71:291  0:000  Inserting SSDT-PNLF-CFL.aml from EFI\CLOVER\ACPI\patched: size=118 ... Success
71:291  0:000  Inserting SSDT-XOSI.aml from EFI\CLOVER\ACPI\patched: size=316 ... Success
71:291  0:000  Inserting SSDT-EC.aml from EFI\CLOVER\ACPI\patched: size=91 ... Success
71:291  0:000  Inserting SSDT-GPRW.aml from EFI\CLOVER\ACPI\patched: size=134 ... Success
71:291  0:000  Inserting SSDT-ALS0.aml from EFI\CLOVER\ACPI\patched: size=132 ... Success
71:291  0:000  ApicCPUNum=8
71:291  0:000  Maximum control=0x15
71:291  0:000  Turbo control=0x2A
71:291  0:000  P-States: min 0x4, max 0x2A
71:291  0:000  SSDT with plugin-type without P-States is generated
71:291  0:000  Cleanup XSDT: count=29, length=268
71:291  0:000  corrected XSDT count=28, length=260
71:291  0:000  === [ RestSetup macOS ] ===================================
71:291  0:000  EdidDiscovered size=128
71:291  0:000  --- Discovered EDID Table size:128
71:291  0:000  000  |  00  FF  FF  FF  FF  FF  FF  00  0D  AE
71:291  0:000  010  |  D5  14  00  00  00  00  28  1A  01  04
71:291  0:000  020  |  A5  1F  11  78  02  EE  95  A3  54  4C
71:291  0:000  030  |  99  26  0F  50  54  00  00  00  01  01
71:291  0:000  040  |  01  01  01  01  01  01  01  01  01  01
71:291  0:000  050  |  01  01  01  01  B4  3B  80  4A  71  38
71:291  0:000  060  |  34  40  50  3C  68  00  35  AD  10  00
71:291  0:000  070  |  00  18  00  00  00  FE  00  4E  31  34
71:291  0:000  080  |  30  48  43  45  2D  45  4E  32  0A  20
71:291  0:000  090  |  00  00  00  FE  00  43  4D  4E  0A  20
71:291  0:000  100  |  20  20  20  20  20  20  20  20  00  00
71:291  0:000  110  |  00  FE  00  4E  31  34  30  48  43  45
71:291  0:000  120  |  2D  45  4E  32  0A  20  00  10
71:291  0:000  add device: PciRoot(0x0)/Pci(0x2,0x0)
71:291  0:000     Add key=hda-gfx valuelen=10
71:291  0:000     Add key=framebuffer-stolenmem valuelen=4
71:291  0:000     Add key=framebuffer-patch-enable valuelen=4
71:291  0:000     Add key=framebuffer-fbmem valuelen=4
71:291  0:000     Add key=enable-hdmi20 valuelen=4
71:291  0:000     Add key=disable-external-gpu valuelen=4
71:291  0:000     Add key=device_type valuelen=26
71:291  0:000     Add key=device-id valuelen=4
71:291  0:000     Add key=AAPL,slot-name valuelen=9
71:291  0:000     Add key=AAPL,ig-platform-id valuelen=4
71:291  0:000  add device: PciRoot(0x0)/Pci(0x1D,0x0)/Pci(0x0,0x0)
71:291  0:000     Add key=pci-aspm-default valuelen=4
71:291  0:000  add device: PciRoot(0x0)/Pci(0x1F,0x3)
71:291  0:000     Add key=layout-id valuelen=4
71:291  0:000     Add key=hda-gfx valuelen=10
71:291  0:000     Add key=device_type valuelen=13
71:291  0:000     Add key=AAPL,slot-name valuelen=16
71:291  0:000  Intel GFX injection not set
71:292  0:000   RCBA disabled; cannot use it
71:292  0:000  stringlength = 2180
71:292  0:000  CurrentMode: Width=1920 Height=1080
71:292  0:000  Beginning FSInjection
71:292  0:000  Blocking kext caches
FSInjectionInstall ...
- Our FSI_SIMPLE_FILE_SYSTEM_PROTOCOL installed on handle: 7AC86918
FSInjectionInstall ...
- Our FSI_SIMPLE_FILE_SYSTEM_PROTOCOL installed on handle: 7AC86918
71:294  0:002  Use origin smbios table type 1 guid.
71:295  0:000    Force kext: System\Library\Extensions\IONetworkingFamily.kext
71:304  0:008      Force PlugIn kext: System\Library\Extensions\IONetworkingFamily.kext\Contents\PlugIns\nvenet.kext
71:309  0:005      Force PlugIn kext: System\Library\Extensions\IONetworkingFamily.kext\Contents\PlugIns\AppleEthernetAquantiaAqtion.kext
71:317  0:007      Force PlugIn kext: System\Library\Extensions\IONetworkingFamily.kext\Contents\PlugIns\AppleBCM5701Ethernet.kext
71:326  0:008      Force PlugIn kext: System\Library\Extensions\IONetworkingFamily.kext\Contents\PlugIns\AppleIntelI210Ethernet.kext
71:332  0:005      Force PlugIn kext: System\Library\Extensions\IONetworkingFamily.kext\Contents\PlugIns\Intel82574L.kext
71:338  0:006      Force PlugIn kext: System\Library\Extensions\IONetworkingFamily.kext\Contents\PlugIns\IOEthernetAVBController.kext
71:342  0:003      Force PlugIn kext: System\Library\Extensions\IONetworkingFamily.kext\Contents\PlugIns\AppleYukon2.kext
71:361  0:019      Force PlugIn kext: System\Library\Extensions\IONetworkingFamily.kext\Contents\PlugIns\AppleEthernetAquantiaAqtionFirmware.kext
71:368  0:006      Force PlugIn kext: System\Library\Extensions\IONetworkingFamily.kext\Contents\PlugIns\AppleIntel8254XEthernet.kext
71:373  0:005      Force PlugIn kext: System\Library\Extensions\IONetworkingFamily.kext\Contents\PlugIns\AppleVmxnet3Ethernet.kext
71:378  0:004      Force PlugIn kext: System\Library\Extensions\IONetworkingFamily.kext\Contents\PlugIns\mDNSOffloadUserClient.kext
71:382  0:004  Preparing kexts injection for arch=x86_64 from EFI\CLOVER\kexts\Other
71:382  0:000  Extra kext: EFI\CLOVER\kexts\Other\BrcmPatchRAM2.kext (v.2.2.10)
71:390  0:007  Extra kext: EFI\CLOVER\kexts\Other\SMCLightSensor.kext (v.1)
71:398  0:008  Extra kext: EFI\CLOVER\kexts\Other\VoodooPS2Controller.kext (v.2.1.0)
71:413  0:014    |-- PlugIn kext: EFI\CLOVER\kexts\Other\VoodooPS2Controller.kext\Contents\PlugIns\VoodooPS2Mouse.kext.dSYM (v.2.1.0)
71:417  0:003    |-- PlugIn kext: EFI\CLOVER\kexts\Other\VoodooPS2Controller.kext\Contents\PlugIns\VoodooPS2Mouse.kext (v.2.1.0)
71:423  0:006    |-- PlugIn kext: EFI\CLOVER\kexts\Other\VoodooPS2Controller.kext\Contents\PlugIns\VoodooPS2Trackpad.kext.dSYM (v.2.1.0)
71:427  0:003    |-- PlugIn kext: EFI\CLOVER\kexts\Other\VoodooPS2Controller.kext\Contents\PlugIns\VoodooPS2Keyboard.kext (v.2.1.0)
71:438  0:011    |-- PlugIn kext: EFI\CLOVER\kexts\Other\VoodooPS2Controller.kext\Contents\PlugIns\VoodooPS2Trackpad.kext (v.2.1.0)
71:456  0:017    |-- PlugIn kext: EFI\CLOVER\kexts\Other\VoodooPS2Controller.kext\Contents\PlugIns\VoodooPS2Keyboard.kext.dSYM (v.2.1.0)
71:457  0:000  Extra kext: EFI\CLOVER\kexts\Other\VirtualSMC.kext (v.1.0.9)
71:473  0:015  Extra kext: EFI\CLOVER\kexts\Other\BrcmBluetoothInjector.kext (v.2.2.10)
71:523  0:050  Extra kext: EFI\CLOVER\kexts\Other\CPUFriend.kext (v.1.1.9)
71:535  0:011  Extra kext: EFI\CLOVER\kexts\Other\USBInjectAll.kext (v.0.7.1)
71:781  0:246  Extra kext: EFI\CLOVER\kexts\Other\SMCProcessor.kext (v.1.0.9)
71:787  0:006  Extra kext: EFI\CLOVER\kexts\Other\CPUFriendDataProvider.kext (v.1.0.0)
71:825  0:037  Extra kext: EFI\CLOVER\kexts\Other\SMCBatteryManager.kext (v.1)
71:832  0:006  Extra kext: EFI\CLOVER\kexts\Other\WhateverGreen.kext (v.1.3.5)
71:865  0:033  Extra kext: EFI\CLOVER\kexts\Other\SMCSuperIO.kext (v.1.0.9)
71:874  0:008  Extra kext: EFI\CLOVER\kexts\Other\VoodooI2CHID.kext (v.1)
71:911  0:037  Extra kext: EFI\CLOVER\kexts\Other\VoodooI2C.kext (v.2.3)
71:951  0:039    |-- PlugIn kext: EFI\CLOVER\kexts\Other\VoodooI2C.kext\Contents\PlugIns\VoodooI2CServices.kext (v.1)
71:962  0:010    |-- PlugIn kext: EFI\CLOVER\kexts\Other\VoodooI2C.kext\Contents\PlugIns\VoodooGPIO.kext (v.1.1)
71:974  0:012  Extra kext: EFI\CLOVER\kexts\Other\AirportBrcmFixup.kext (v.2.0.4)
71:992  0:017  Extra kext: EFI\CLOVER\kexts\Other\NoTouchID.kext (v.1.0.3)
72:003  0:011  Extra kext: EFI\CLOVER\kexts\Other\BrcmFirmwareData.kext (v.2.2.10)
72:117  0:113  Extra kext: EFI\CLOVER\kexts\Other\Lilu.kext (v.1.4.0)
72:146  0:029  Preparing kexts injection for arch=x86_64 from EFI\CLOVER\kexts\Off
72:153  0:006  Custom boot screen not used because entry has unset use graphics
72:153  0:000  Closing log
